<?xml version="1.0" encoding="UTF-8"?>
<testsuite name="Siman Automation - prod" tests="1" errors="0" failures="0" skipped="0" time="7.507" timestamp="2025-10-27T21:15:04.541721">
<testsuite name="Open Checkout" tests="1" errors="0" failures="0" skipped="0" time="7.469" timestamp="2025-10-27T21:15:04.577482">
<testcase classname="Siman Automation - prod.Open Checkout" name="Test Checkout Small" time="7.091">
</testcase>
<properties>
<property name="Documentation" value="Verifica que la página de inicio de Siman.com carga correctamente."/>
</properties>
</testsuite>
</testsuite>
