<?xml version="1.0" encoding="UTF-8"?>
<robot generator="Robot 6.1.1 (Python 3.11.14 on linux)" generated="20260223 00:44:48.225" rpa="false" schemaversion="4">
<suite id="s1" name="Siman Automation - sandbox" source="/home/runner/work/automatizacion-robotframeork-siman/automatizacion-robotframeork-siman/tests/regression">
<suite id="s1-s1" name="Flujos Checkout Guest User" source="/home/runner/work/automatizacion-robotframeork-siman/automatizacion-robotframeork-siman/tests/regression/flujos_checkout_guest_user.robot">
<kw name="Disable SSL Warnings" library="mailsac_keywords" type="SETUP">
<doc>Desactiva los warnings de SSL de urllib3</doc>
<kw name="Evaluate" library="BuiltIn">
<arg>__import__('urllib3').disable_warnings(__import__('urllib3').exceptions.InsecureRequestWarning)</arg>
<doc>Evaluates the given expression in Python and returns the result.</doc>
<status status="PASS" starttime="20260223 00:44:48.544" endtime="20260223 00:44:48.544"/>
</kw>
<status status="PASS" starttime="20260223 00:44:48.543" endtime="20260223 00:44:48.544"/>
</kw>
<test id="s1-s1-t1" name="Test Checkout Small Ticket New User" line="13">
<kw name="Open Browser To Checkout" library="browser_keywords">
<arg>any</arg>
<arg>sv</arg>
<doc>Abre checkout según el environment (prod o sandbox)</doc>
<if>
<branch type="IF" condition="'${country}' == 'sv'">
<kw name="Set Variable If" library="BuiltIn">
<var>${checkout_url}</var>
<arg>'${ENVIRONMENT}' == 'prod' and '${cart_type}' == 'small'</arg>
<arg>${CHECKOUT_PROD_SMALL}</arg>
<arg>'${ENVIRONMENT}' == 'prod' and '${cart_type}' == 'small_mk'</arg>
<arg>${CHECKOUT_PROD_SMALL_MK}</arg>
<arg>'${ENVIRONMENT}' == 'prod' and '${cart_type}' == 'big'</arg>
<arg>${CHECKOUT_PROD_BIG}</arg>
<arg>'${ENVIRONMENT}' == 'prod' and '${cart_type}' == 'split_siman'</arg>
<arg>${CHECKOUT_PROD_SPLIT_SIMAN}</arg>
<arg>'${ENVIRONMENT}' == 'prod' and '${cart_type}' == 'split_siman_mk'</arg>
<arg>${CHECKOUT_PROD_SPLIT_SIMAN_MK}</arg>
<arg>'${ENVIRONMENT}' == 'sandbox' and '${cart_type}' == 'small'</arg>
<arg>${CHECKOUT_SANDBOX_SMALL}</arg>
<arg>'${ENVIRONMENT}' == 'sandbox' and '${cart_type}' == 'small_mk'</arg>
<arg>${CHECKOUT_SANDBOX_SMALL_MK}</arg>
<arg>'${ENVIRONMENT}' == 'sandbox' and '${cart_type}' == 'big'</arg>
<arg>${CHECKOUT_SANDBOX_BIG}</arg>
<arg>'${ENVIRONMENT}' == 'sandbox' and '${cart_type}' == 'split_siman'</arg>
<arg>${CHECKOUT_SANDBOX_SPLIT_SIMAN}</arg>
<arg>'${ENVIRONMENT}' == 'sandbox' and '${cart_type}' == 'split_siman_mk'</arg>
<arg>${CHECKOUT_SANDBOX_SPLIT_SIMAN_MK}</arg>
<arg>'${ENVIRONMENT}' == 'sandbox' and '${cart_type}' == 'split_st_bt_mk'</arg>
<arg>${CHECKOUT_SANDBOX_SPLIT_ST_BT_MK}</arg>
<arg>'${ENVIRONMENT}' == 'sandbox' and '${cart_type}' == 'split_st_moto'</arg>
<arg>${CHECKOUT_SANDBOX_SPLIT_ST_MOTO}</arg>
<arg>'${ENVIRONMENT}' == 'sandbox' and '${cart_type}' == 'split_bt_moto'</arg>
<arg>${CHECKOUT_SANDBOX_SPLIT_BT_MOTO}</arg>
<arg>'${ENVIRONMENT}' == 'sandbox' and '${cart_type}' == 'split_st_bt_moto'</arg>
<arg>${CHECKOUT_SANDBOX_SPLIT_ST_BT_MOTO}</arg>
<arg>'${ENVIRONMENT}' == 'sandbox' and '${cart_type}' == 'split_mk_moto'</arg>
<arg>${CHECKOUT_SANDBOX_SPLIT_MK_MOTO}</arg>
<arg>'${ENVIRONMENT}' == 'sandbox' and '${cart_type}' == 'split_st_bt_mk_moto'</arg>
<arg>${CHECKOUT_SANDBOX_SPLIT_ST_BT_MK_MOTO}</arg>
<arg>${CHECKOUT_SANDBOX_ANY}</arg>
<doc>Sets variable based on the given condition.</doc>
<kw name="Set Variable If" library="BuiltIn">
<arg>'${ENVIRONMENT}' == 'prod' and '${cart_type}' == 'small_mk'</arg>
<arg>${CHECKOUT_PROD_SMALL_MK}</arg>
<arg>'${ENVIRONMENT}' == 'prod' and '${cart_type}' == 'big'</arg>
<arg>${CHECKOUT_PROD_BIG}</arg>
<arg>'${ENVIRONMENT}' == 'prod' and '${cart_type}' == 'split_siman'</arg>
<arg>${CHECKOUT_PROD_SPLIT_SIMAN}</arg>
<arg>'${ENVIRONMENT}' == 'prod' and '${cart_type}' == 'split_siman_mk'</arg>
<arg>${CHECKOUT_PROD_SPLIT_SIMAN_MK}</arg>
<arg>'${ENVIRONMENT}' == 'sandbox' and '${cart_type}' == 'small'</arg>
<arg>${CHECKOUT_SANDBOX_SMALL}</arg>
<arg>'${ENVIRONMENT}' == 'sandbox' and '${cart_type}' == 'small_mk'</arg>
<arg>${CHECKOUT_SANDBOX_SMALL_MK}</arg>
<arg>'${ENVIRONMENT}' == 'sandbox' and '${cart_type}' == 'big'</arg>
<arg>${CHECKOUT_SANDBOX_BIG}</arg>
<arg>'${ENVIRONMENT}' == 'sandbox' and '${cart_type}' == 'split_siman'</arg>
<arg>${CHECKOUT_SANDBOX_SPLIT_SIMAN}</arg>
<arg>'${ENVIRONMENT}' == 'sandbox' and '${cart_type}' == 'split_siman_mk'</arg>
<arg>${CHECKOUT_SANDBOX_SPLIT_SIMAN_MK}</arg>
<arg>'${ENVIRONMENT}' == 'sandbox' and '${cart_type}' == 'split_st_bt_mk'</arg>
<arg>${CHECKOUT_SANDBOX_SPLIT_ST_BT_MK}</arg>
<arg>'${ENVIRONMENT}' == 'sandbox' and '${cart_type}' == 'split_st_moto'</arg>
<arg>${CHECKOUT_SANDBOX_SPLIT_ST_MOTO}</arg>
<arg>'${ENVIRONMENT}' == 'sandbox' and '${cart_type}' == 'split_bt_moto'</arg>
<arg>${CHECKOUT_SANDBOX_SPLIT_BT_MOTO}</arg>
<arg>'${ENVIRONMENT}' == 'sandbox' and '${cart_type}' == 'split_st_bt_moto'</arg>
<arg>${CHECKOUT_SANDBOX_SPLIT_ST_BT_MOTO}</arg>
<arg>'${ENVIRONMENT}' == 'sandbox' and '${cart_type}' == 'split_mk_moto'</arg>
<arg>${CHECKOUT_SANDBOX_SPLIT_MK_MOTO}</arg>
<arg>'${ENVIRONMENT}' == 'sandbox' and '${cart_type}' == 'split_st_bt_mk_moto'</arg>
<arg>${CHECKOUT_SANDBOX_SPLIT_ST_BT_MK_MOTO}</arg>
<arg>${CHECKOUT_SANDBOX_ANY}</arg>
<doc>Sets variable based on the given condition.</doc>
<kw name="Set Variable If" library="BuiltIn">
<arg>'${ENVIRONMENT}' == 'prod' and '${cart_type}' == 'big'</arg>
<arg>${CHECKOUT_PROD_BIG}</arg>
<arg>'${ENVIRONMENT}' == 'prod' and '${cart_type}' == 'split_siman'</arg>
<arg>${CHECKOUT_PROD_SPLIT_SIMAN}</arg>
<arg>'${ENVIRONMENT}' == 'prod' and '${cart_type}' == 'split_siman_mk'</arg>
<arg>${CHECKOUT_PROD_SPLIT_SIMAN_MK}</arg>
<arg>'${ENVIRONMENT}' == 'sandbox' and '${cart_type}' == 'small'</arg>
<arg>${CHECKOUT_SANDBOX_SMALL}</arg>
<arg>'${ENVIRONMENT}' == 'sandbox' and '${cart_type}' == 'small_mk'</arg>
<arg>${CHECKOUT_SANDBOX_SMALL_MK}</arg>
<arg>'${ENVIRONMENT}' == 'sandbox' and '${cart_type}' == 'big'</arg>
<arg>${CHECKOUT_SANDBOX_BIG}</arg>
<arg>'${ENVIRONMENT}' == 'sandbox' and '${cart_type}' == 'split_siman'</arg>
<arg>${CHECKOUT_SANDBOX_SPLIT_SIMAN}</arg>
<arg>'${ENVIRONMENT}' == 'sandbox' and '${cart_type}' == 'split_siman_mk'</arg>
<arg>${CHECKOUT_SANDBOX_SPLIT_SIMAN_MK}</arg>
<arg>'${ENVIRONMENT}' == 'sandbox' and '${cart_type}' == 'split_st_bt_mk'</arg>
<arg>${CHECKOUT_SANDBOX_SPLIT_ST_BT_MK}</arg>
<arg>'${ENVIRONMENT}' == 'sandbox' and '${cart_type}' == 'split_st_moto'</arg>
<arg>${CHECKOUT_SANDBOX_SPLIT_ST_MOTO}</arg>
<arg>'${ENVIRONMENT}' == 'sandbox' and '${cart_type}' == 'split_bt_moto'</arg>
<arg>${CHECKOUT_SANDBOX_SPLIT_BT_MOTO}</arg>
<arg>'${ENVIRONMENT}' == 'sandbox' and '${cart_type}' == 'split_st_bt_moto'</arg>
<arg>${CHECKOUT_SANDBOX_SPLIT_ST_BT_MOTO}</arg>
<arg>'${ENVIRONMENT}' == 'sandbox' and '${cart_type}' == 'split_mk_moto'</arg>
<arg>${CHECKOUT_SANDBOX_SPLIT_MK_MOTO}</arg>
<arg>'${ENVIRONMENT}' == 'sandbox' and '${cart_type}' == 'split_st_bt_mk_moto'</arg>
<arg>${CHECKOUT_SANDBOX_SPLIT_ST_BT_MK_MOTO}</arg>
<arg>${CHECKOUT_SANDBOX_ANY}</arg>
<doc>Sets variable based on the given condition.</doc>
<kw name="Set Variable If" library="BuiltIn">
<arg>'${ENVIRONMENT}' == 'prod' and '${cart_type}' == 'split_siman'</arg>
<arg>${CHECKOUT_PROD_SPLIT_SIMAN}</arg>
<arg>'${ENVIRONMENT}' == 'prod' and '${cart_type}' == 'split_siman_mk'</arg>
<arg>${CHECKOUT_PROD_SPLIT_SIMAN_MK}</arg>
<arg>'${ENVIRONMENT}' == 'sandbox' and '${cart_type}' == 'small'</arg>
<arg>${CHECKOUT_SANDBOX_SMALL}</arg>
<arg>'${ENVIRONMENT}' == 'sandbox' and '${cart_type}' == 'small_mk'</arg>
<arg>${CHECKOUT_SANDBOX_SMALL_MK}</arg>
<arg>'${ENVIRONMENT}' == 'sandbox' and '${cart_type}' == 'big'</arg>
<arg>${CHECKOUT_SANDBOX_BIG}</arg>
<arg>'${ENVIRONMENT}' == 'sandbox' and '${cart_type}' == 'split_siman'</arg>
<arg>${CHECKOUT_SANDBOX_SPLIT_SIMAN}</arg>
<arg>'${ENVIRONMENT}' == 'sandbox' and '${cart_type}' == 'split_siman_mk'</arg>
<arg>${CHECKOUT_SANDBOX_SPLIT_SIMAN_MK}</arg>
<arg>'${ENVIRONMENT}' == 'sandbox' and '${cart_type}' == 'split_st_bt_mk'</arg>
<arg>${CHECKOUT_SANDBOX_SPLIT_ST_BT_MK}</arg>
<arg>'${ENVIRONMENT}' == 'sandbox' and '${cart_type}' == 'split_st_moto'</arg>
<arg>${CHECKOUT_SANDBOX_SPLIT_ST_MOTO}</arg>
<arg>'${ENVIRONMENT}' == 'sandbox' and '${cart_type}' == 'split_bt_moto'</arg>
<arg>${CHECKOUT_SANDBOX_SPLIT_BT_MOTO}</arg>
<arg>'${ENVIRONMENT}' == 'sandbox' and '${cart_type}' == 'split_st_bt_moto'</arg>
<arg>${CHECKOUT_SANDBOX_SPLIT_ST_BT_MOTO}</arg>
<arg>'${ENVIRONMENT}' == 'sandbox' and '${cart_type}' == 'split_mk_moto'</arg>
<arg>${CHECKOUT_SANDBOX_SPLIT_MK_MOTO}</arg>
<arg>'${ENVIRONMENT}' == 'sandbox' and '${cart_type}' == 'split_st_bt_mk_moto'</arg>
<arg>${CHECKOUT_SANDBOX_SPLIT_ST_BT_MK_MOTO}</arg>
<arg>${CHECKOUT_SANDBOX_ANY}</arg>
<doc>Sets variable based on the given condition.</doc>
<kw name="Set Variable If" library="BuiltIn">
<arg>'${ENVIRONMENT}' == 'prod' and '${cart_type}' == 'split_siman_mk'</arg>
<arg>${CHECKOUT_PROD_SPLIT_SIMAN_MK}</arg>
<arg>'${ENVIRONMENT}' == 'sandbox' and '${cart_type}' == 'small'</arg>
<arg>${CHECKOUT_SANDBOX_SMALL}</arg>
<arg>'${ENVIRONMENT}' == 'sandbox' and '${cart_type}' == 'small_mk'</arg>
<arg>${CHECKOUT_SANDBOX_SMALL_MK}</arg>
<arg>'${ENVIRONMENT}' == 'sandbox' and '${cart_type}' == 'big'</arg>
<arg>${CHECKOUT_SANDBOX_BIG}</arg>
<arg>'${ENVIRONMENT}' == 'sandbox' and '${cart_type}' == 'split_siman'</arg>
<arg>${CHECKOUT_SANDBOX_SPLIT_SIMAN}</arg>
<arg>'${ENVIRONMENT}' == 'sandbox' and '${cart_type}' == 'split_siman_mk'</arg>
<arg>${CHECKOUT_SANDBOX_SPLIT_SIMAN_MK}</arg>
<arg>'${ENVIRONMENT}' == 'sandbox' and '${cart_type}' == 'split_st_bt_mk'</arg>
<arg>${CHECKOUT_SANDBOX_SPLIT_ST_BT_MK}</arg>
<arg>'${ENVIRONMENT}' == 'sandbox' and '${cart_type}' == 'split_st_moto'</arg>
<arg>${CHECKOUT_SANDBOX_SPLIT_ST_MOTO}</arg>
<arg>'${ENVIRONMENT}' == 'sandbox' and '${cart_type}' == 'split_bt_moto'</arg>
<arg>${CHECKOUT_SANDBOX_SPLIT_BT_MOTO}</arg>
<arg>'${ENVIRONMENT}' == 'sandbox' and '${cart_type}' == 'split_st_bt_moto'</arg>
<arg>${CHECKOUT_SANDBOX_SPLIT_ST_BT_MOTO}</arg>
<arg>'${ENVIRONMENT}' == 'sandbox' and '${cart_type}' == 'split_mk_moto'</arg>
<arg>${CHECKOUT_SANDBOX_SPLIT_MK_MOTO}</arg>
<arg>'${ENVIRONMENT}' == 'sandbox' and '${cart_type}' == 'split_st_bt_mk_moto'</arg>
<arg>${CHECKOUT_SANDBOX_SPLIT_ST_BT_MK_MOTO}</arg>
<arg>${CHECKOUT_SANDBOX_ANY}</arg>
<doc>Sets variable based on the given condition.</doc>
<kw name="Set Variable If" library="BuiltIn">
<arg>'${ENVIRONMENT}' == 'sandbox' and '${cart_type}' == 'small'</arg>
<arg>${CHECKOUT_SANDBOX_SMALL}</arg>
<arg>'${ENVIRONMENT}' == 'sandbox' and '${cart_type}' == 'small_mk'</arg>
<arg>${CHECKOUT_SANDBOX_SMALL_MK}</arg>
<arg>'${ENVIRONMENT}' == 'sandbox' and '${cart_type}' == 'big'</arg>
<arg>${CHECKOUT_SANDBOX_BIG}</arg>
<arg>'${ENVIRONMENT}' == 'sandbox' and '${cart_type}' == 'split_siman'</arg>
<arg>${CHECKOUT_SANDBOX_SPLIT_SIMAN}</arg>
<arg>'${ENVIRONMENT}' == 'sandbox' and '${cart_type}' == 'split_siman_mk'</arg>
<arg>${CHECKOUT_SANDBOX_SPLIT_SIMAN_MK}</arg>
<arg>'${ENVIRONMENT}' == 'sandbox' and '${cart_type}' == 'split_st_bt_mk'</arg>
<arg>${CHECKOUT_SANDBOX_SPLIT_ST_BT_MK}</arg>
<arg>'${ENVIRONMENT}' == 'sandbox' and '${cart_type}' == 'split_st_moto'</arg>
<arg>${CHECKOUT_SANDBOX_SPLIT_ST_MOTO}</arg>
<arg>'${ENVIRONMENT}' == 'sandbox' and '${cart_type}' == 'split_bt_moto'</arg>
<arg>${CHECKOUT_SANDBOX_SPLIT_BT_MOTO}</arg>
<arg>'${ENVIRONMENT}' == 'sandbox' and '${cart_type}' == 'split_st_bt_moto'</arg>
<arg>${CHECKOUT_SANDBOX_SPLIT_ST_BT_MOTO}</arg>
<arg>'${ENVIRONMENT}' == 'sandbox' and '${cart_type}' == 'split_mk_moto'</arg>
<arg>${CHECKOUT_SANDBOX_SPLIT_MK_MOTO}</arg>
<arg>'${ENVIRONMENT}' == 'sandbox' and '${cart_type}' == 'split_st_bt_mk_moto'</arg>
<arg>${CHECKOUT_SANDBOX_SPLIT_ST_BT_MK_MOTO}</arg>
<arg>${CHECKOUT_SANDBOX_ANY}</arg>
<doc>Sets variable based on the given condition.</doc>
<kw name="Set Variable If" library="BuiltIn">
<arg>'${ENVIRONMENT}' == 'sandbox' and '${cart_type}' == 'small_mk'</arg>
<arg>${CHECKOUT_SANDBOX_SMALL_MK}</arg>
<arg>'${ENVIRONMENT}' == 'sandbox' and '${cart_type}' == 'big'</arg>
<arg>${CHECKOUT_SANDBOX_BIG}</arg>
<arg>'${ENVIRONMENT}' == 'sandbox' and '${cart_type}' == 'split_siman'</arg>
<arg>${CHECKOUT_SANDBOX_SPLIT_SIMAN}</arg>
<arg>'${ENVIRONMENT}' == 'sandbox' and '${cart_type}' == 'split_siman_mk'</arg>
<arg>${CHECKOUT_SANDBOX_SPLIT_SIMAN_MK}</arg>
<arg>'${ENVIRONMENT}' == 'sandbox' and '${cart_type}' == 'split_st_bt_mk'</arg>
<arg>${CHECKOUT_SANDBOX_SPLIT_ST_BT_MK}</arg>
<arg>'${ENVIRONMENT}' == 'sandbox' and '${cart_type}' == 'split_st_moto'</arg>
<arg>${CHECKOUT_SANDBOX_SPLIT_ST_MOTO}</arg>
<arg>'${ENVIRONMENT}' == 'sandbox' and '${cart_type}' == 'split_bt_moto'</arg>
<arg>${CHECKOUT_SANDBOX_SPLIT_BT_MOTO}</arg>
<arg>'${ENVIRONMENT}' == 'sandbox' and '${cart_type}' == 'split_st_bt_moto'</arg>
<arg>${CHECKOUT_SANDBOX_SPLIT_ST_BT_MOTO}</arg>
<arg>'${ENVIRONMENT}' == 'sandbox' and '${cart_type}' == 'split_mk_moto'</arg>
<arg>${CHECKOUT_SANDBOX_SPLIT_MK_MOTO}</arg>
<arg>'${ENVIRONMENT}' == 'sandbox' and '${cart_type}' == 'split_st_bt_mk_moto'</arg>
<arg>${CHECKOUT_SANDBOX_SPLIT_ST_BT_MK_MOTO}</arg>
<arg>${CHECKOUT_SANDBOX_ANY}</arg>
<doc>Sets variable based on the given condition.</doc>
<kw name="Set Variable If" library="BuiltIn">
<arg>'${ENVIRONMENT}' == 'sandbox' and '${cart_type}' == 'big'</arg>
<arg>${CHECKOUT_SANDBOX_BIG}</arg>
<arg>'${ENVIRONMENT}' == 'sandbox' and '${cart_type}' == 'split_siman'</arg>
<arg>${CHECKOUT_SANDBOX_SPLIT_SIMAN}</arg>
<arg>'${ENVIRONMENT}' == 'sandbox' and '${cart_type}' == 'split_siman_mk'</arg>
<arg>${CHECKOUT_SANDBOX_SPLIT_SIMAN_MK}</arg>
<arg>'${ENVIRONMENT}' == 'sandbox' and '${cart_type}' == 'split_st_bt_mk'</arg>
<arg>${CHECKOUT_SANDBOX_SPLIT_ST_BT_MK}</arg>
<arg>'${ENVIRONMENT}' == 'sandbox' and '${cart_type}' == 'split_st_moto'</arg>
<arg>${CHECKOUT_SANDBOX_SPLIT_ST_MOTO}</arg>
<arg>'${ENVIRONMENT}' == 'sandbox' and '${cart_type}' == 'split_bt_moto'</arg>
<arg>${CHECKOUT_SANDBOX_SPLIT_BT_MOTO}</arg>
<arg>'${ENVIRONMENT}' == 'sandbox' and '${cart_type}' == 'split_st_bt_moto'</arg>
<arg>${CHECKOUT_SANDBOX_SPLIT_ST_BT_MOTO}</arg>
<arg>'${ENVIRONMENT}' == 'sandbox' and '${cart_type}' == 'split_mk_moto'</arg>
<arg>${CHECKOUT_SANDBOX_SPLIT_MK_MOTO}</arg>
<arg>'${ENVIRONMENT}' == 'sandbox' and '${cart_type}' == 'split_st_bt_mk_moto'</arg>
<arg>${CHECKOUT_SANDBOX_SPLIT_ST_BT_MK_MOTO}</arg>
<arg>${CHECKOUT_SANDBOX_ANY}</arg>
<doc>Sets variable based on the given condition.</doc>
<kw name="Set Variable If" library="BuiltIn">
<arg>'${ENVIRONMENT}' == 'sandbox' and '${cart_type}' == 'split_siman'</arg>
<arg>${CHECKOUT_SANDBOX_SPLIT_SIMAN}</arg>
<arg>'${ENVIRONMENT}' == 'sandbox' and '${cart_type}' == 'split_siman_mk'</arg>
<arg>${CHECKOUT_SANDBOX_SPLIT_SIMAN_MK}</arg>
<arg>'${ENVIRONMENT}' == 'sandbox' and '${cart_type}' == 'split_st_bt_mk'</arg>
<arg>${CHECKOUT_SANDBOX_SPLIT_ST_BT_MK}</arg>
<arg>'${ENVIRONMENT}' == 'sandbox' and '${cart_type}' == 'split_st_moto'</arg>
<arg>${CHECKOUT_SANDBOX_SPLIT_ST_MOTO}</arg>
<arg>'${ENVIRONMENT}' == 'sandbox' and '${cart_type}' == 'split_bt_moto'</arg>
<arg>${CHECKOUT_SANDBOX_SPLIT_BT_MOTO}</arg>
<arg>'${ENVIRONMENT}' == 'sandbox' and '${cart_type}' == 'split_st_bt_moto'</arg>
<arg>${CHECKOUT_SANDBOX_SPLIT_ST_BT_MOTO}</arg>
<arg>'${ENVIRONMENT}' == 'sandbox' and '${cart_type}' == 'split_mk_moto'</arg>
<arg>${CHECKOUT_SANDBOX_SPLIT_MK_MOTO}</arg>
<arg>'${ENVIRONMENT}' == 'sandbox' and '${cart_type}' == 'split_st_bt_mk_moto'</arg>
<arg>${CHECKOUT_SANDBOX_SPLIT_ST_BT_MK_MOTO}</arg>
<arg>${CHECKOUT_SANDBOX_ANY}</arg>
<doc>Sets variable based on the given condition.</doc>
<kw name="Set Variable If" library="BuiltIn">
<arg>'${ENVIRONMENT}' == 'sandbox' and '${cart_type}' == 'split_siman_mk'</arg>
<arg>${CHECKOUT_SANDBOX_SPLIT_SIMAN_MK}</arg>
<arg>'${ENVIRONMENT}' == 'sandbox' and '${cart_type}' == 'split_st_bt_mk'</arg>
<arg>${CHECKOUT_SANDBOX_SPLIT_ST_BT_MK}</arg>
<arg>'${ENVIRONMENT}' == 'sandbox' and '${cart_type}' == 'split_st_moto'</arg>
<arg>${CHECKOUT_SANDBOX_SPLIT_ST_MOTO}</arg>
<arg>'${ENVIRONMENT}' == 'sandbox' and '${cart_type}' == 'split_bt_moto'</arg>
<arg>${CHECKOUT_SANDBOX_SPLIT_BT_MOTO}</arg>
<arg>'${ENVIRONMENT}' == 'sandbox' and '${cart_type}' == 'split_st_bt_moto'</arg>
<arg>${CHECKOUT_SANDBOX_SPLIT_ST_BT_MOTO}</arg>
<arg>'${ENVIRONMENT}' == 'sandbox' and '${cart_type}' == 'split_mk_moto'</arg>
<arg>${CHECKOUT_SANDBOX_SPLIT_MK_MOTO}</arg>
<arg>'${ENVIRONMENT}' == 'sandbox' and '${cart_type}' == 'split_st_bt_mk_moto'</arg>
<arg>${CHECKOUT_SANDBOX_SPLIT_ST_BT_MK_MOTO}</arg>
<arg>${CHECKOUT_SANDBOX_ANY}</arg>
<doc>Sets variable based on the given condition.</doc>
<kw name="Set Variable If" library="BuiltIn">
<arg>'${ENVIRONMENT}' == 'sandbox' and '${cart_type}' == 'split_st_bt_mk'</arg>
<arg>${CHECKOUT_SANDBOX_SPLIT_ST_BT_MK}</arg>
<arg>'${ENVIRONMENT}' == 'sandbox' and '${cart_type}' == 'split_st_moto'</arg>
<arg>${CHECKOUT_SANDBOX_SPLIT_ST_MOTO}</arg>
<arg>'${ENVIRONMENT}' == 'sandbox' and '${cart_type}' == 'split_bt_moto'</arg>
<arg>${CHECKOUT_SANDBOX_SPLIT_BT_MOTO}</arg>
<arg>'${ENVIRONMENT}' == 'sandbox' and '${cart_type}' == 'split_st_bt_moto'</arg>
<arg>${CHECKOUT_SANDBOX_SPLIT_ST_BT_MOTO}</arg>
<arg>'${ENVIRONMENT}' == 'sandbox' and '${cart_type}' == 'split_mk_moto'</arg>
<arg>${CHECKOUT_SANDBOX_SPLIT_MK_MOTO}</arg>
<arg>'${ENVIRONMENT}' == 'sandbox' and '${cart_type}' == 'split_st_bt_mk_moto'</arg>
<arg>${CHECKOUT_SANDBOX_SPLIT_ST_BT_MK_MOTO}</arg>
<arg>${CHECKOUT_SANDBOX_ANY}</arg>
<doc>Sets variable based on the given condition.</doc>
<kw name="Set Variable If" library="BuiltIn">
<arg>'${ENVIRONMENT}' == 'sandbox' and '${cart_type}' == 'split_st_moto'</arg>
<arg>${CHECKOUT_SANDBOX_SPLIT_ST_MOTO}</arg>
<arg>'${ENVIRONMENT}' == 'sandbox' and '${cart_type}' == 'split_bt_moto'</arg>
<arg>${CHECKOUT_SANDBOX_SPLIT_BT_MOTO}</arg>
<arg>'${ENVIRONMENT}' == 'sandbox' and '${cart_type}' == 'split_st_bt_moto'</arg>
<arg>${CHECKOUT_SANDBOX_SPLIT_ST_BT_MOTO}</arg>
<arg>'${ENVIRONMENT}' == 'sandbox' and '${cart_type}' == 'split_mk_moto'</arg>
<arg>${CHECKOUT_SANDBOX_SPLIT_MK_MOTO}</arg>
<arg>'${ENVIRONMENT}' == 'sandbox' and '${cart_type}' == 'split_st_bt_mk_moto'</arg>
<arg>${CHECKOUT_SANDBOX_SPLIT_ST_BT_MK_MOTO}</arg>
<arg>${CHECKOUT_SANDBOX_ANY}</arg>
<doc>Sets variable based on the given condition.</doc>
<kw name="Set Variable If" library="BuiltIn">
<arg>'${ENVIRONMENT}' == 'sandbox' and '${cart_type}' == 'split_bt_moto'</arg>
<arg>${CHECKOUT_SANDBOX_SPLIT_BT_MOTO}</arg>
<arg>'${ENVIRONMENT}' == 'sandbox' and '${cart_type}' == 'split_st_bt_moto'</arg>
<arg>${CHECKOUT_SANDBOX_SPLIT_ST_BT_MOTO}</arg>
<arg>'${ENVIRONMENT}' == 'sandbox' and '${cart_type}' == 'split_mk_moto'</arg>
<arg>${CHECKOUT_SANDBOX_SPLIT_MK_MOTO}</arg>
<arg>'${ENVIRONMENT}' == 'sandbox' and '${cart_type}' == 'split_st_bt_mk_moto'</arg>
<arg>${CHECKOUT_SANDBOX_SPLIT_ST_BT_MK_MOTO}</arg>
<arg>${CHECKOUT_SANDBOX_ANY}</arg>
<doc>Sets variable based on the given condition.</doc>
<kw name="Set Variable If" library="BuiltIn">
<arg>'${ENVIRONMENT}' == 'sandbox' and '${cart_type}' == 'split_st_bt_moto'</arg>
<arg>${CHECKOUT_SANDBOX_SPLIT_ST_BT_MOTO}</arg>
<arg>'${ENVIRONMENT}' == 'sandbox' and '${cart_type}' == 'split_mk_moto'</arg>
<arg>${CHECKOUT_SANDBOX_SPLIT_MK_MOTO}</arg>
<arg>'${ENVIRONMENT}' == 'sandbox' and '${cart_type}' == 'split_st_bt_mk_moto'</arg>
<arg>${CHECKOUT_SANDBOX_SPLIT_ST_BT_MK_MOTO}</arg>
<arg>${CHECKOUT_SANDBOX_ANY}</arg>
<doc>Sets variable based on the given condition.</doc>
<kw name="Set Variable If" library="BuiltIn">
<arg>'${ENVIRONMENT}' == 'sandbox' and '${cart_type}' == 'split_mk_moto'</arg>
<arg>${CHECKOUT_SANDBOX_SPLIT_MK_MOTO}</arg>
<arg>'${ENVIRONMENT}' == 'sandbox' and '${cart_type}' == 'split_st_bt_mk_moto'</arg>
<arg>${CHECKOUT_SANDBOX_SPLIT_ST_BT_MK_MOTO}</arg>
<arg>${CHECKOUT_SANDBOX_ANY}</arg>
<doc>Sets variable based on the given condition.</doc>
<kw name="Set Variable If" library="BuiltIn">
<arg>'${ENVIRONMENT}' == 'sandbox' and '${cart_type}' == 'split_st_bt_mk_moto'</arg>
<arg>${CHECKOUT_SANDBOX_SPLIT_ST_BT_MK_MOTO}</arg>
<arg>${CHECKOUT_SANDBOX_ANY}</arg>
<doc>Sets variable based on the given condition.</doc>
<status status="PASS" starttime="20260223 00:44:48.634" endtime="20260223 00:44:48.712"/>
</kw>
<status status="PASS" starttime="20260223 00:44:48.595" endtime="20260223 00:44:48.792"/>
</kw>
<status status="PASS" starttime="20260223 00:44:48.575" endtime="20260223 00:44:48.832"/>
</kw>
<status status="PASS" starttime="20260223 00:44:48.565" endtime="20260223 00:44:48.852"/>
</kw>
<status status="PASS" starttime="20260223 00:44:48.560" endtime="20260223 00:44:48.862"/>
</kw>
<status status="PASS" starttime="20260223 00:44:48.557" endtime="20260223 00:44:48.867"/>
</kw>
<status status="PASS" starttime="20260223 00:44:48.556" endtime="20260223 00:44:48.869"/>
</kw>
<status status="PASS" starttime="20260223 00:44:48.555" endtime="20260223 00:44:48.871"/>
</kw>
<status status="PASS" starttime="20260223 00:44:48.554" endtime="20260223 00:44:48.871"/>
</kw>
<status status="PASS" starttime="20260223 00:44:48.553" endtime="20260223 00:44:48.872"/>
</kw>
<status status="PASS" starttime="20260223 00:44:48.553" endtime="20260223 00:44:48.872"/>
</kw>
<status status="PASS" starttime="20260223 00:44:48.552" endtime="20260223 00:44:48.873"/>
</kw>
<status status="PASS" starttime="20260223 00:44:48.552" endtime="20260223 00:44:48.873"/>
</kw>
<status status="PASS" starttime="20260223 00:44:48.551" endtime="20260223 00:44:48.873"/>
</kw>
<status status="PASS" starttime="20260223 00:44:48.551" endtime="20260223 00:44:48.873"/>
</kw>
<msg timestamp="20260223 00:44:48.873" level="INFO">${checkout_url} = https://itglobers--simanqa.myvtex.com/checkout/cart/add/?sku=7469998&amp;qty=1&amp;seller=1&amp;sc=1</msg>
<status status="PASS" starttime="20260223 00:44:48.551" endtime="20260223 00:44:48.873"/>
</kw>
<status status="PASS" starttime="20260223 00:44:48.550" endtime="20260223 00:44:48.874"/>
</branch>
<branch type="ELSE IF" condition="'${country}' == 'gt'">
<kw name="Set Variable" library="BuiltIn">
<var>${checkout_url}</var>
<arg>${CHECKOUT_SANDBOX_GT}</arg>
<doc>Returns the given values which can then be assigned to a variables.</doc>
<status status="NOT RUN" starttime="20260223 00:44:48.874" endtime="20260223 00:44:48.874"/>
</kw>
<status status="NOT RUN" starttime="20260223 00:44:48.874" endtime="20260223 00:44:48.874"/>
</branch>
<branch type="ELSE IF" condition="'${country}' == 'cr'">
<kw name="Set Variable" library="BuiltIn">
<var>${checkout_url}</var>
<arg>${CHECKOUT_SANDBOX_CR}</arg>
<doc>Returns the given values which can then be assigned to a variables.</doc>
<status status="NOT RUN" starttime="20260223 00:44:48.875" endtime="20260223 00:44:48.875"/>
</kw>
<status status="NOT RUN" starttime="20260223 00:44:48.875" endtime="20260223 00:44:48.875"/>
</branch>
<branch type="ELSE IF" condition="'${country}' == 'ni'">
<kw name="Set Variable" library="BuiltIn">
<var>${checkout_url}</var>
<arg>${CHECKOUT_SANDBOX_NI}</arg>
<doc>Returns the given values which can then be assigned to a variables.</doc>
<status status="NOT RUN" starttime="20260223 00:44:48.875" endtime="20260223 00:44:48.875"/>
</kw>
<status status="NOT RUN" starttime="20260223 00:44:48.875" endtime="20260223 00:44:48.876"/>
</branch>
<status status="PASS" starttime="20260223 00:44:48.550" endtime="20260223 00:44:48.876"/>
</if>
<kw name="Open Browser With Options" library="browser_keywords">
<arg>${checkout_url}</arg>
<doc>Abre navegador con opciones configuradas (Headless solo en CI)</doc>
<if>
<branch type="IF" condition="'${BROWSER}' == 'chrome'">
<kw name="Evaluate" library="BuiltIn">
<var>${options}</var>
<arg>sys.modules['selenium.webdriver'].ChromeOptions()</arg>
<arg>sys, selenium.webdriver</arg>
<doc>Evaluates the given expression in Python and returns the result.</doc>
<msg timestamp="20260223 00:44:48.877" level="INFO">${options} = &lt;selenium.webdriver.chrome.options.Options object at 0x7f12743b3850&gt;</msg>
<status status="PASS" starttime="20260223 00:44:48.876" endtime="20260223 00:44:48.877"/>
</kw>
<if>
<branch type="IF" condition="${INCOGNITO_MODE}">
<kw name="Call Method" library="BuiltIn">
<arg>${options}</arg>
<arg>add_argument</arg>
<arg>--incognito</arg>
<doc>Calls the named method of the given object with the provided arguments.</doc>
<status status="PASS" starttime="20260223 00:44:48.877" endtime="20260223 00:44:48.877"/>
</kw>
<status status="PASS" starttime="20260223 00:44:48.877" endtime="20260223 00:44:48.877"/>
</branch>
<status status="PASS" starttime="20260223 00:44:48.877" endtime="20260223 00:44:48.878"/>
</if>
<status status="PASS" starttime="20260223 00:44:48.876" endtime="20260223 00:44:48.878"/>
</branch>
<branch type="ELSE IF" condition="'${BROWSER}' == 'firefox'">
<kw name="Evaluate" library="BuiltIn">
<var>${options}</var>
<arg>sys.modules['selenium.webdriver'].FirefoxOptions()</arg>
<arg>sys, selenium.webdriver</arg>
<doc>Evaluates the given expression in Python and returns the result.</doc>
<status status="NOT RUN" starttime="20260223 00:44:48.878" endtime="20260223 00:44:48.878"/>
</kw>
<if>
<branch type="IF" condition="${INCOGNITO_MODE}">
<kw name="Call Method" library="BuiltIn">
<arg>${options}</arg>
<arg>add_argument</arg>
<arg>-private</arg>
<doc>Calls the named method of the given object with the provided arguments.</doc>
<status status="NOT RUN" starttime="20260223 00:44:48.878" endtime="20260223 00:44:48.878"/>
</kw>
<status status="NOT RUN" starttime="20260223 00:44:48.878" endtime="20260223 00:44:48.878"/>
</branch>
<status status="NOT RUN" starttime="20260223 00:44:48.878" endtime="20260223 00:44:48.879"/>
</if>
<status status="NOT RUN" starttime="20260223 00:44:48.878" endtime="20260223 00:44:48.879"/>
</branch>
<status status="PASS" starttime="20260223 00:44:48.876" endtime="20260223 00:44:48.879"/>
</if>
<if>
<branch type="IF" condition="'${CI}' == 'true'">
<kw name="Call Method" library="BuiltIn">
<arg>${options}</arg>
<arg>add_argument</arg>
<arg>--headless\=new</arg>
<doc>Calls the named method of the given object with the provided arguments.</doc>
<status status="PASS" starttime="20260223 00:44:48.879" endtime="20260223 00:44:48.879"/>
</kw>
<status status="PASS" starttime="20260223 00:44:48.879" endtime="20260223 00:44:48.879"/>
</branch>
<status status="PASS" starttime="20260223 00:44:48.879" endtime="20260223 00:44:48.879"/>
</if>
<kw name="Call Method" library="BuiltIn">
<arg>${options}</arg>
<arg>add_argument</arg>
<arg>--disable-extensions</arg>
<doc>Calls the named method of the given object with the provided arguments.</doc>
<status status="PASS" starttime="20260223 00:44:48.880" endtime="20260223 00:44:48.880"/>
</kw>
<kw name="Call Method" library="BuiltIn">
<arg>${options}</arg>
<arg>add_argument</arg>
<arg>--disable-gpu</arg>
<doc>Calls the named method of the given object with the provided arguments.</doc>
<status status="PASS" starttime="20260223 00:44:48.880" endtime="20260223 00:44:48.880"/>
</kw>
<kw name="Call Method" library="BuiltIn">
<arg>${options}</arg>
<arg>add_argument</arg>
<arg>--no-sandbox</arg>
<doc>Calls the named method of the given object with the provided arguments.</doc>
<status status="PASS" starttime="20260223 00:44:48.880" endtime="20260223 00:44:48.880"/>
</kw>
<kw name="Call Method" library="BuiltIn">
<arg>${options}</arg>
<arg>add_argument</arg>
<arg>--disable-dev-shm-usage</arg>
<doc>Calls the named method of the given object with the provided arguments.</doc>
<status status="PASS" starttime="20260223 00:44:48.881" endtime="20260223 00:44:48.881"/>
</kw>
<kw name="Call Method" library="BuiltIn">
<arg>${options}</arg>
<arg>add_argument</arg>
<arg>--window-size\=1920,1080</arg>
<doc>Calls the named method of the given object with the provided arguments.</doc>
<status status="PASS" starttime="20260223 00:44:48.881" endtime="20260223 00:44:48.881"/>
</kw>
<kw name="Create Webdriver" library="SeleniumLibrary">
<arg>${BROWSER.capitalize()}</arg>
<arg>options=${options}</arg>
<doc>Creates an instance of Selenium WebDriver.</doc>
<msg timestamp="20260223 00:44:48.883" level="INFO">Creating an instance of the Chrome WebDriver.</msg>
<status status="PASS" starttime="20260223 00:44:48.881" endtime="20260223 00:44:56.015"/>
</kw>
<kw name="Set Window Size" library="SeleniumLibrary">
<arg>1920</arg>
<arg>1080</arg>
<doc>Sets current windows size to given ``width`` and ``height``.</doc>
<status status="PASS" starttime="20260223 00:44:56.016" endtime="20260223 00:44:56.024"/>
</kw>
<kw name="Go To" library="SeleniumLibrary">
<arg>${url}</arg>
<doc>Navigates the current browser window to the provided ``url``.</doc>
<msg timestamp="20260223 00:44:56.025" level="INFO">Opening url 'https://itglobers--simanqa.myvtex.com/checkout/cart/add/?sku=7469998&amp;qty=1&amp;seller=1&amp;sc=1'</msg>
<status status="PASS" starttime="20260223 00:44:56.025" endtime="20260223 00:45:01.355"/>
</kw>
<status status="PASS" starttime="20260223 00:44:48.876" endtime="20260223 00:45:01.356"/>
</kw>
<kw name="Sleep" library="BuiltIn">
<arg>2s</arg>
<doc>Pauses the test executed for the given time.</doc>
<msg timestamp="20260223 00:45:03.357" level="INFO">Slept 2 seconds</msg>
<status status="PASS" starttime="20260223 00:45:01.357" endtime="20260223 00:45:03.357"/>
</kw>
<status status="PASS" starttime="20260223 00:44:48.550" endtime="20260223 00:45:03.358"/>
</kw>
<kw name="Login Checkout" library="checkout_keywords">
<arg>SV</arg>
<arg>new_user</arg>
<doc>Metodo general para logearse en checkout ya sea como usuario recurrente o no</doc>
<kw name="Click Element By Type" library="general_keywords">
<arg>${BTN_GO_PAYMENT}</arg>
<arg>button</arg>
<doc>Click especializado por tipo de elemento</doc>
<kw name="Page Should Contain Element" library="SeleniumLibrary">
<arg>${element_identifier}</arg>
<doc>Verifies that element ``locator`` is found on the current page.</doc>
<msg timestamp="20260223 00:45:03.377" level="INFO">Current page contains element 'id=cart-to-orderform'.</msg>
<status status="PASS" starttime="20260223 00:45:03.359" endtime="20260223 00:45:03.377"/>
</kw>
<if>
<branch type="IF" condition="'${element_type}' == 'button'">
<kw name="Click Button Safe" library="general_keywords">
<arg>${element_identifier}</arg>
<doc>Click especializado para botones con esperas robustas</doc>
<kw name="Wait Until Element Is Visible" library="SeleniumLibrary">
<arg>${link_identifier}</arg>
<arg>30s</arg>
<doc>Waits until the element ``locator`` is visible.</doc>
<status status="PASS" starttime="20260223 00:45:03.378" endtime="20260223 00:45:03.394"/>
</kw>
<kw name="Wait Until Element Is Enabled" library="SeleniumLibrary">
<arg>${link_identifier}</arg>
<arg>30s</arg>
<doc>Waits until the element ``locator`` is enabled.</doc>
<status status="PASS" starttime="20260223 00:45:03.394" endtime="20260223 00:45:03.411"/>
</kw>
<kw name="Click Element" library="SeleniumLibrary">
<arg>${link_identifier}</arg>
<doc>Click the element identified by ``locator``.</doc>
<msg timestamp="20260223 00:45:03.412" level="INFO">Clicking element 'id=cart-to-orderform'.</msg>
<status status="PASS" starttime="20260223 00:45:03.411" endtime="20260223 00:45:03.515"/>
</kw>
<status status="PASS" starttime="20260223 00:45:03.378" endtime="20260223 00:45:03.516"/>
</kw>
<status status="PASS" starttime="20260223 00:45:03.378" endtime="20260223 00:45:03.516"/>
</branch>
<branch type="ELSE IF" condition="'${element_type}' == 'link'">
<kw name="Click Link Safe" library="general_keywords">
<arg>${element_identifier}</arg>
<doc>Click especializado para enlaces con esperas robustas</doc>
<status status="NOT RUN" starttime="20260223 00:45:03.517" endtime="20260223 00:45:03.517"/>
</kw>
<status status="NOT RUN" starttime="20260223 00:45:03.516" endtime="20260223 00:45:03.517"/>
</branch>
<branch type="ELSE IF" condition="'${element_type}' == 'checkbox'">
<kw name="Click Checkbox Safe" library="general_keywords">
<arg>${element_identifier}</arg>
<doc>Click especializado para checkboxes con esperas robustas</doc>
<status status="NOT RUN" starttime="20260223 00:45:03.518" endtime="20260223 00:45:03.518"/>
</kw>
<status status="NOT RUN" starttime="20260223 00:45:03.517" endtime="20260223 00:45:03.518"/>
</branch>
<branch type="ELSE IF" condition="'${element_type}' == 'radio'">
<kw name="Click Radio Button Safe" library="general_keywords">
<arg>${element_identifier}</arg>
<doc>Click especializado para radio buttons con esperas robustas</doc>
<status status="NOT RUN" starttime="20260223 00:45:03.519" endtime="20260223 00:45:03.519"/>
</kw>
<status status="NOT RUN" starttime="20260223 00:45:03.518" endtime="20260223 00:45:03.519"/>
</branch>
<branch type="ELSE">
<kw name="Click Element" library="SeleniumLibrary">
<arg>${element_identifier}</arg>
<doc>Click the element identified by ``locator``.</doc>
<status status="NOT RUN" starttime="20260223 00:45:03.519" endtime="20260223 00:45:03.520"/>
</kw>
<status status="NOT RUN" starttime="20260223 00:45:03.519" endtime="20260223 00:45:03.520"/>
</branch>
<status status="PASS" starttime="20260223 00:45:03.378" endtime="20260223 00:45:03.520"/>
</if>
<status status="PASS" starttime="20260223 00:45:03.359" endtime="20260223 00:45:03.520"/>
</kw>
<kw name="Wait Until Element Is Visible" library="SeleniumLibrary">
<arg>${INPUT_NAME}</arg>
<arg>30s</arg>
<doc>Waits until the element ``locator`` is visible.</doc>
<status status="PASS" starttime="20260223 00:45:03.521" endtime="20260223 00:45:05.228"/>
</kw>
<kw name="Wait Until Element Is Enabled" library="SeleniumLibrary">
<arg>${INPUT_NAME}</arg>
<arg>30s</arg>
<doc>Waits until the element ``locator`` is enabled.</doc>
<status status="PASS" starttime="20260223 00:45:05.229" endtime="20260223 00:45:05.244"/>
</kw>
<if>
<branch type="IF" condition="'${user_type}' == 'guest_user'">
<kw name="Create Random Email" library="general_keywords">
<var>${random_email}</var>
<doc>Generador de email para usuario nuevo
Formato: timestamp+test+@mailsac.com
Ejemplo: 20241215123045_test@mailsac.com</doc>
<status status="NOT RUN" starttime="20260223 00:45:05.245" endtime="20260223 00:45:05.245"/>
</kw>
<kw name="Fill User Form" library="checkout_keywords">
<arg>${country}</arg>
<arg>${user_type}</arg>
<arg>${random_email}</arg>
<doc>Llena el formulario de usuario por país</doc>
<status status="NOT RUN" starttime="20260223 00:45:05.245" endtime="20260223 00:45:05.245"/>
</kw>
<status status="NOT RUN" starttime="20260223 00:45:05.244" endtime="20260223 00:45:05.245"/>
</branch>
<branch type="ELSE IF" condition="'${user_type}' == 'new_user'">
<kw name="Create Random Email" library="general_keywords">
<var>${random_email}</var>
<doc>Generador de email para usuario nuevo
Formato: timestamp+test+@mailsac.com
Ejemplo: 20241215123045_test@mailsac.com</doc>
<kw name="Get Current Date" library="DateTime">
<var>${timestamp}</var>
<arg>result_format=%Y%m%d%H%M%S</arg>
<doc>Returns current local or UTC time with an optional increment.</doc>
<msg timestamp="20260223 00:45:05.246" level="INFO">${timestamp} = 20260223004505</msg>
<status status="PASS" starttime="20260223 00:45:05.246" endtime="20260223 00:45:05.247"/>
</kw>
<kw name="Catenate" library="BuiltIn">
<var>${random_email}</var>
<arg>SEPARATOR=${EMPTY}</arg>
<arg>${timestamp}</arg>
<arg>_siman_test</arg>
<arg>@${MAILSAC_HOST}</arg>
<doc>Catenates the given items together and returns the resulted string.</doc>
<msg timestamp="20260223 00:45:05.249" level="INFO">${random_email} = 20260223004505_siman_test@mailsac.com</msg>
<status status="PASS" starttime="20260223 00:45:05.247" endtime="20260223 00:45:05.249"/>
</kw>
<kw name="Log To Console" library="BuiltIn">
<arg>El email generado es: ${random_email}</arg>
<doc>Logs the given message to the console.</doc>
<status status="PASS" starttime="20260223 00:45:05.249" endtime="20260223 00:45:05.249"/>
</kw>
<return>
<value>${random_email}</value>
<status status="PASS" starttime="20260223 00:45:05.249" endtime="20260223 00:45:05.249"/>
</return>
<msg timestamp="20260223 00:45:05.250" level="INFO">${random_email} = 20260223004505_siman_test@mailsac.com</msg>
<status status="PASS" starttime="20260223 00:45:05.246" endtime="20260223 00:45:05.250"/>
</kw>
<kw name="Fill User Form" library="checkout_keywords">
<arg>${country}</arg>
<arg>${user_type}</arg>
<arg>${random_email}</arg>
<doc>Llena el formulario de usuario por país</doc>
<if>
<branch type="IF" condition="'${country}' == 'SV'">
<kw name="Fill User Form SV" library="checkout_keywords">
<arg>${user_type}</arg>
<arg>${mail}</arg>
<doc>Llena el formulario de nuevo usuario en checkout</doc>
<kw name="Fill Element By Text" library="general_keywords">
<arg>${INPUT_EMAIL}</arg>
<arg>${mail}</arg>
<doc>Llenado robusto de campos de texto con manejo de errores
- Esperas inteligentes
- Validación de parámetros
- Captura de errores detallada
- Screenshots en caso de error</doc>
<if>
<branch type="IF" condition="'${element_identifier}' == '${EMPTY}'">
<kw name="Fail" library="BuiltIn">
<arg>msg=El identificador del elemento no puede estar vacío</arg>
<doc>Fails the test with the given message and optionally alters its tags.</doc>
<status status="NOT RUN" starttime="20260223 00:45:05.253" endtime="20260223 00:45:05.253"/>
</kw>
<status status="NOT RUN" starttime="20260223 00:45:05.251" endtime="20260223 00:45:05.253"/>
</branch>
<status status="PASS" starttime="20260223 00:45:05.251" endtime="20260223 00:45:05.253"/>
</if>
<try>
<branch type="TRY">
<kw name="Wait Until Keyword Succeeds" library="BuiltIn">
<arg>3x</arg>
<arg>2s</arg>
<arg>Page Should Contain Element</arg>
<arg>${element_identifier}</arg>
<doc>Runs the specified keyword and retries if it fails.</doc>
<kw name="Page Should Contain Element" library="SeleniumLibrary">
<arg>${element_identifier}</arg>
<doc>Verifies that element ``locator`` is found on the current page.</doc>
<msg timestamp="20260223 00:45:05.265" level="INFO">Current page contains element 'id=client-email'.</msg>
<status status="PASS" starttime="20260223 00:45:05.254" endtime="20260223 00:45:05.265"/>
</kw>
<status status="PASS" starttime="20260223 00:45:05.253" endtime="20260223 00:45:05.266"/>
</kw>
<kw name="Wait Until Keyword Succeeds" library="BuiltIn">
<arg>3x</arg>
<arg>1s</arg>
<arg>Element Should Be Visible</arg>
<arg>${element_identifier}</arg>
<doc>Runs the specified keyword and retries if it fails.</doc>
<kw name="Element Should Be Visible" library="SeleniumLibrary">
<arg>${element_identifier}</arg>
<doc>Verifies that the element identified by ``locator`` is visible.</doc>
<msg timestamp="20260223 00:45:05.686" level="INFO">Element 'id=client-email' is displayed.</msg>
<status status="PASS" starttime="20260223 00:45:05.266" endtime="20260223 00:45:05.686"/>
</kw>
<status status="PASS" starttime="20260223 00:45:05.266" endtime="20260223 00:45:05.686"/>
</kw>
<kw name="Wait Until Keyword Succeeds" library="BuiltIn">
<arg>2x</arg>
<arg>1s</arg>
<arg>Element Should Be Enabled</arg>
<arg>${element_identifier}</arg>
<doc>Runs the specified keyword and retries if it fails.</doc>
<kw name="Element Should Be Enabled" library="SeleniumLibrary">
<arg>${element_identifier}</arg>
<doc>Verifies that element identified by ``locator`` is enabled.</doc>
<status status="PASS" starttime="20260223 00:45:05.687" endtime="20260223 00:45:06.025"/>
</kw>
<status status="PASS" starttime="20260223 00:45:05.687" endtime="20260223 00:45:06.025"/>
</kw>
<kw name="Clear Element Text" library="SeleniumLibrary">
<arg>${element_identifier}</arg>
<doc>Clears the value of the text-input-element identified by ``locator``.</doc>
<status status="PASS" starttime="20260223 00:45:06.025" endtime="20260223 00:45:06.056"/>
</kw>
<if>
<branch type="IF" condition="'${text_element}' != '${EMPTY}'">
<kw name="Input Text" library="SeleniumLibrary">
<arg>${element_identifier}</arg>
<arg>${text_element}</arg>
<doc>Types the given ``text`` into the text field identified by ``locator``.</doc>
<msg timestamp="20260223 00:45:06.058" level="INFO">Typing text '20260223004505_siman_test@mailsac.com' into text field 'id=client-email'.</msg>
<status status="PASS" starttime="20260223 00:45:06.058" endtime="20260223 00:45:06.197"/>
</kw>
<kw name="Log" library="BuiltIn">
<arg>Campo ${element_identifier} llenado con: ${text_element}</arg>
<doc>Logs the given message with the given level.</doc>
<msg timestamp="20260223 00:45:06.198" level="INFO">Campo id=client-email llenado con: 20260223004505_siman_test@mailsac.com</msg>
<status status="PASS" starttime="20260223 00:45:06.198" endtime="20260223 00:45:06.198"/>
</kw>
<status status="PASS" starttime="20260223 00:45:06.056" endtime="20260223 00:45:06.198"/>
</branch>
<branch type="ELSE">
<kw name="Log" library="BuiltIn">
<arg>Campo ${element_identifier} se dejó vacío como se solicitó</arg>
<doc>Logs the given message with the given level.</doc>
<status status="NOT RUN" starttime="20260223 00:45:06.198" endtime="20260223 00:45:06.199"/>
</kw>
<status status="NOT RUN" starttime="20260223 00:45:06.198" endtime="20260223 00:45:06.199"/>
</branch>
<status status="PASS" starttime="20260223 00:45:06.056" endtime="20260223 00:45:06.199"/>
</if>
<status status="PASS" starttime="20260223 00:45:05.253" endtime="20260223 00:45:06.199"/>
</branch>
<branch type="EXCEPT" variable="${error_message}">
<kw name="Capture Page Screenshot" library="SeleniumLibrary">
<arg>error_fill_{$element_identifier}.png</arg>
<doc>Takes a screenshot of the current page and embeds it into a log file.</doc>
<status status="NOT RUN" starttime="20260223 00:45:06.199" endtime="20260223 00:45:06.199"/>
</kw>
<kw name="Log" library="BuiltIn">
<arg>Error al llenar campo ${element_identifier}: ${error_message}</arg>
<arg>level=ERROR</arg>
<doc>Logs the given message with the given level.</doc>
<status status="NOT RUN" starttime="20260223 00:45:06.200" endtime="20260223 00:45:06.200"/>
</kw>
<kw name="Log" library="BuiltIn">
<arg>Texto intentado: ${text_element}</arg>
<arg>level=DEBUG</arg>
<doc>Logs the given message with the given level.</doc>
<status status="NOT RUN" starttime="20260223 00:45:06.200" endtime="20260223 00:45:06.200"/>
</kw>
<kw name="Fail" library="BuiltIn">
<arg>No se pudo llenar el campo '${element_identifier}' con el texto '${text_element}'. Error: ${error_message}</arg>
<doc>Fails the test with the given message and optionally alters its tags.</doc>
<status status="NOT RUN" starttime="20260223 00:45:06.200" endtime="20260223 00:45:06.200"/>
</kw>
<status status="NOT RUN" starttime="20260223 00:45:06.199" endtime="20260223 00:45:06.200"/>
</branch>
<status status="PASS" starttime="20260223 00:45:05.253" endtime="20260223 00:45:06.200"/>
</try>
<status status="PASS" starttime="20260223 00:45:05.251" endtime="20260223 00:45:06.200"/>
</kw>
<kw name="Click Element By Type" library="general_keywords">
<arg>${INPUT_NAME}</arg>
<arg>other</arg>
<doc>Click especializado por tipo de elemento</doc>
<kw name="Page Should Contain Element" library="SeleniumLibrary">
<arg>${element_identifier}</arg>
<doc>Verifies that element ``locator`` is found on the current page.</doc>
<msg timestamp="20260223 00:45:06.212" level="INFO">Current page contains element 'id=input-firstName'.</msg>
<status status="PASS" starttime="20260223 00:45:06.201" endtime="20260223 00:45:06.212"/>
</kw>
<if>
<branch type="IF" condition="'${element_type}' == 'button'">
<kw name="Click Button Safe" library="general_keywords">
<arg>${element_identifier}</arg>
<doc>Click especializado para botones con esperas robustas</doc>
<status status="NOT RUN" starttime="20260223 00:45:06.213" endtime="20260223 00:45:06.213"/>
</kw>
<status status="NOT RUN" starttime="20260223 00:45:06.213" endtime="20260223 00:45:06.213"/>
</branch>
<branch type="ELSE IF" condition="'${element_type}' == 'link'">
<kw name="Click Link Safe" library="general_keywords">
<arg>${element_identifier}</arg>
<doc>Click especializado para enlaces con esperas robustas</doc>
<status status="NOT RUN" starttime="20260223 00:45:06.214" endtime="20260223 00:45:06.214"/>
</kw>
<status status="NOT RUN" starttime="20260223 00:45:06.213" endtime="20260223 00:45:06.214"/>
</branch>
<branch type="ELSE IF" condition="'${element_type}' == 'checkbox'">
<kw name="Click Checkbox Safe" library="general_keywords">
<arg>${element_identifier}</arg>
<doc>Click especializado para checkboxes con esperas robustas</doc>
<status status="NOT RUN" starttime="20260223 00:45:06.214" endtime="20260223 00:45:06.214"/>
</kw>
<status status="NOT RUN" starttime="20260223 00:45:06.214" endtime="20260223 00:45:06.214"/>
</branch>
<branch type="ELSE IF" condition="'${element_type}' == 'radio'">
<kw name="Click Radio Button Safe" library="general_keywords">
<arg>${element_identifier}</arg>
<doc>Click especializado para radio buttons con esperas robustas</doc>
<status status="NOT RUN" starttime="20260223 00:45:06.215" endtime="20260223 00:45:06.215"/>
</kw>
<status status="NOT RUN" starttime="20260223 00:45:06.214" endtime="20260223 00:45:06.215"/>
</branch>
<branch type="ELSE">
<kw name="Click Element" library="SeleniumLibrary">
<arg>${element_identifier}</arg>
<doc>Click the element identified by ``locator``.</doc>
<msg timestamp="20260223 00:45:06.215" level="INFO">Clicking element 'id=input-firstName'.</msg>
<status status="PASS" starttime="20260223 00:45:06.215" endtime="20260223 00:45:06.275"/>
</kw>
<status status="PASS" starttime="20260223 00:45:06.215" endtime="20260223 00:45:06.276"/>
</branch>
<status status="PASS" starttime="20260223 00:45:06.213" endtime="20260223 00:45:06.276"/>
</if>
<status status="PASS" starttime="20260223 00:45:06.201" endtime="20260223 00:45:06.276"/>
</kw>
<kw name="Fill Element By Text" library="general_keywords">
<arg>${INPUT_NAME}</arg>
<arg>${NAME}</arg>
<doc>Llenado robusto de campos de texto con manejo de errores
- Esperas inteligentes
- Validación de parámetros
- Captura de errores detallada
- Screenshots en caso de error</doc>
<if>
<branch type="IF" condition="'${element_identifier}' == '${EMPTY}'">
<kw name="Fail" library="BuiltIn">
<arg>msg=El identificador del elemento no puede estar vacío</arg>
<doc>Fails the test with the given message and optionally alters its tags.</doc>
<status status="NOT RUN" starttime="20260223 00:45:06.279" endtime="20260223 00:45:06.279"/>
</kw>
<status status="NOT RUN" starttime="20260223 00:45:06.277" endtime="20260223 00:45:06.279"/>
</branch>
<status status="PASS" starttime="20260223 00:45:06.277" endtime="20260223 00:45:06.279"/>
</if>
<try>
<branch type="TRY">
<kw name="Wait Until Keyword Succeeds" library="BuiltIn">
<arg>3x</arg>
<arg>2s</arg>
<arg>Page Should Contain Element</arg>
<arg>${element_identifier}</arg>
<doc>Runs the specified keyword and retries if it fails.</doc>
<kw name="Page Should Contain Element" library="SeleniumLibrary">
<arg>${element_identifier}</arg>
<doc>Verifies that element ``locator`` is found on the current page.</doc>
<msg timestamp="20260223 00:45:06.288" level="INFO">Current page contains element 'id=input-firstName'.</msg>
<status status="PASS" starttime="20260223 00:45:06.280" endtime="20260223 00:45:06.288"/>
</kw>
<status status="PASS" starttime="20260223 00:45:06.280" endtime="20260223 00:45:06.288"/>
</kw>
<kw name="Wait Until Keyword Succeeds" library="BuiltIn">
<arg>3x</arg>
<arg>1s</arg>
<arg>Element Should Be Visible</arg>
<arg>${element_identifier}</arg>
<doc>Runs the specified keyword and retries if it fails.</doc>
<kw name="Element Should Be Visible" library="SeleniumLibrary">
<arg>${element_identifier}</arg>
<doc>Verifies that the element identified by ``locator`` is visible.</doc>
<msg timestamp="20260223 00:45:06.300" level="INFO">Element 'id=input-firstName' is displayed.</msg>
<status status="PASS" starttime="20260223 00:45:06.288" endtime="20260223 00:45:06.300"/>
</kw>
<status status="PASS" starttime="20260223 00:45:06.288" endtime="20260223 00:45:06.301"/>
</kw>
<kw name="Wait Until Keyword Succeeds" library="BuiltIn">
<arg>2x</arg>
<arg>1s</arg>
<arg>Element Should Be Enabled</arg>
<arg>${element_identifier}</arg>
<doc>Runs the specified keyword and retries if it fails.</doc>
<kw name="Element Should Be Enabled" library="SeleniumLibrary">
<arg>${element_identifier}</arg>
<doc>Verifies that element identified by ``locator`` is enabled.</doc>
<status status="PASS" starttime="20260223 00:45:06.301" endtime="20260223 00:45:06.317"/>
</kw>
<status status="PASS" starttime="20260223 00:45:06.301" endtime="20260223 00:45:06.317"/>
</kw>
<kw name="Clear Element Text" library="SeleniumLibrary">
<arg>${element_identifier}</arg>
<doc>Clears the value of the text-input-element identified by ``locator``.</doc>
<status status="PASS" starttime="20260223 00:45:06.317" endtime="20260223 00:45:06.341"/>
</kw>
<if>
<branch type="IF" condition="'${text_element}' != '${EMPTY}'">
<kw name="Input Text" library="SeleniumLibrary">
<arg>${element_identifier}</arg>
<arg>${text_element}</arg>
<doc>Types the given ``text`` into the text field identified by ``locator``.</doc>
<msg timestamp="20260223 00:45:06.343" level="INFO">Typing text 'Robot' into text field 'id=input-firstName'.</msg>
<status status="PASS" starttime="20260223 00:45:06.343" endtime="20260223 00:45:06.403"/>
</kw>
<kw name="Log" library="BuiltIn">
<arg>Campo ${element_identifier} llenado con: ${text_element}</arg>
<doc>Logs the given message with the given level.</doc>
<msg timestamp="20260223 00:45:06.404" level="INFO">Campo id=input-firstName llenado con: Robot</msg>
<status status="PASS" starttime="20260223 00:45:06.404" endtime="20260223 00:45:06.404"/>
</kw>
<status status="PASS" starttime="20260223 00:45:06.342" endtime="20260223 00:45:06.404"/>
</branch>
<branch type="ELSE">
<kw name="Log" library="BuiltIn">
<arg>Campo ${element_identifier} se dejó vacío como se solicitó</arg>
<doc>Logs the given message with the given level.</doc>
<status status="NOT RUN" starttime="20260223 00:45:06.405" endtime="20260223 00:45:06.405"/>
</kw>
<status status="NOT RUN" starttime="20260223 00:45:06.405" endtime="20260223 00:45:06.405"/>
</branch>
<status status="PASS" starttime="20260223 00:45:06.342" endtime="20260223 00:45:06.405"/>
</if>
<status status="PASS" starttime="20260223 00:45:06.279" endtime="20260223 00:45:06.405"/>
</branch>
<branch type="EXCEPT" variable="${error_message}">
<kw name="Capture Page Screenshot" library="SeleniumLibrary">
<arg>error_fill_{$element_identifier}.png</arg>
<doc>Takes a screenshot of the current page and embeds it into a log file.</doc>
<status status="NOT RUN" starttime="20260223 00:45:06.405" endtime="20260223 00:45:06.406"/>
</kw>
<kw name="Log" library="BuiltIn">
<arg>Error al llenar campo ${element_identifier}: ${error_message}</arg>
<arg>level=ERROR</arg>
<doc>Logs the given message with the given level.</doc>
<status status="NOT RUN" starttime="20260223 00:45:06.406" endtime="20260223 00:45:06.406"/>
</kw>
<kw name="Log" library="BuiltIn">
<arg>Texto intentado: ${text_element}</arg>
<arg>level=DEBUG</arg>
<doc>Logs the given message with the given level.</doc>
<status status="NOT RUN" starttime="20260223 00:45:06.406" endtime="20260223 00:45:06.406"/>
</kw>
<kw name="Fail" library="BuiltIn">
<arg>No se pudo llenar el campo '${element_identifier}' con el texto '${text_element}'. Error: ${error_message}</arg>
<doc>Fails the test with the given message and optionally alters its tags.</doc>
<status status="NOT RUN" starttime="20260223 00:45:06.406" endtime="20260223 00:45:06.406"/>
</kw>
<status status="NOT RUN" starttime="20260223 00:45:06.405" endtime="20260223 00:45:06.407"/>
</branch>
<status status="PASS" starttime="20260223 00:45:06.279" endtime="20260223 00:45:06.407"/>
</try>
<status status="PASS" starttime="20260223 00:45:06.277" endtime="20260223 00:45:06.407"/>
</kw>
<kw name="Fill Element By Text" library="general_keywords">
<arg>${INPUT_LAST_NAME}</arg>
<arg>${LAST_NAME}</arg>
<doc>Llenado robusto de campos de texto con manejo de errores
- Esperas inteligentes
- Validación de parámetros
- Captura de errores detallada
- Screenshots en caso de error</doc>
<if>
<branch type="IF" condition="'${element_identifier}' == '${EMPTY}'">
<kw name="Fail" library="BuiltIn">
<arg>msg=El identificador del elemento no puede estar vacío</arg>
<doc>Fails the test with the given message and optionally alters its tags.</doc>
<status status="NOT RUN" starttime="20260223 00:45:06.408" endtime="20260223 00:45:06.408"/>
</kw>
<status status="NOT RUN" starttime="20260223 00:45:06.407" endtime="20260223 00:45:06.408"/>
</branch>
<status status="PASS" starttime="20260223 00:45:06.407" endtime="20260223 00:45:06.409"/>
</if>
<try>
<branch type="TRY">
<kw name="Wait Until Keyword Succeeds" library="BuiltIn">
<arg>3x</arg>
<arg>2s</arg>
<arg>Page Should Contain Element</arg>
<arg>${element_identifier}</arg>
<doc>Runs the specified keyword and retries if it fails.</doc>
<kw name="Page Should Contain Element" library="SeleniumLibrary">
<arg>${element_identifier}</arg>
<doc>Verifies that element ``locator`` is found on the current page.</doc>
<msg timestamp="20260223 00:45:06.427" level="INFO">Current page contains element 'id=input-lastName'.</msg>
<status status="PASS" starttime="20260223 00:45:06.409" endtime="20260223 00:45:06.427"/>
</kw>
<status status="PASS" starttime="20260223 00:45:06.409" endtime="20260223 00:45:06.428"/>
</kw>
<kw name="Wait Until Keyword Succeeds" library="BuiltIn">
<arg>3x</arg>
<arg>1s</arg>
<arg>Element Should Be Visible</arg>
<arg>${element_identifier}</arg>
<doc>Runs the specified keyword and retries if it fails.</doc>
<kw name="Element Should Be Visible" library="SeleniumLibrary">
<arg>${element_identifier}</arg>
<doc>Verifies that the element identified by ``locator`` is visible.</doc>
<msg timestamp="20260223 00:45:06.440" level="INFO">Element 'id=input-lastName' is displayed.</msg>
<status status="PASS" starttime="20260223 00:45:06.428" endtime="20260223 00:45:06.441"/>
</kw>
<status status="PASS" starttime="20260223 00:45:06.428" endtime="20260223 00:45:06.441"/>
</kw>
<kw name="Wait Until Keyword Succeeds" library="BuiltIn">
<arg>2x</arg>
<arg>1s</arg>
<arg>Element Should Be Enabled</arg>
<arg>${element_identifier}</arg>
<doc>Runs the specified keyword and retries if it fails.</doc>
<kw name="Element Should Be Enabled" library="SeleniumLibrary">
<arg>${element_identifier}</arg>
<doc>Verifies that element identified by ``locator`` is enabled.</doc>
<status status="PASS" starttime="20260223 00:45:06.442" endtime="20260223 00:45:06.457"/>
</kw>
<status status="PASS" starttime="20260223 00:45:06.441" endtime="20260223 00:45:06.457"/>
</kw>
<kw name="Clear Element Text" library="SeleniumLibrary">
<arg>${element_identifier}</arg>
<doc>Clears the value of the text-input-element identified by ``locator``.</doc>
<status status="PASS" starttime="20260223 00:45:06.457" endtime="20260223 00:45:06.484"/>
</kw>
<if>
<branch type="IF" condition="'${text_element}' != '${EMPTY}'">
<kw name="Input Text" library="SeleniumLibrary">
<arg>${element_identifier}</arg>
<arg>${text_element}</arg>
<doc>Types the given ``text`` into the text field identified by ``locator``.</doc>
<msg timestamp="20260223 00:45:06.485" level="INFO">Typing text 'Framework' into text field 'id=input-lastName'.</msg>
<status status="PASS" starttime="20260223 00:45:06.485" endtime="20260223 00:45:06.568"/>
</kw>
<kw name="Log" library="BuiltIn">
<arg>Campo ${element_identifier} llenado con: ${text_element}</arg>
<doc>Logs the given message with the given level.</doc>
<msg timestamp="20260223 00:45:06.569" level="INFO">Campo id=input-lastName llenado con: Framework</msg>
<status status="PASS" starttime="20260223 00:45:06.569" endtime="20260223 00:45:06.569"/>
</kw>
<status status="PASS" starttime="20260223 00:45:06.484" endtime="20260223 00:45:06.569"/>
</branch>
<branch type="ELSE">
<kw name="Log" library="BuiltIn">
<arg>Campo ${element_identifier} se dejó vacío como se solicitó</arg>
<doc>Logs the given message with the given level.</doc>
<status status="NOT RUN" starttime="20260223 00:45:06.569" endtime="20260223 00:45:06.570"/>
</kw>
<status status="NOT RUN" starttime="20260223 00:45:06.569" endtime="20260223 00:45:06.570"/>
</branch>
<status status="PASS" starttime="20260223 00:45:06.484" endtime="20260223 00:45:06.570"/>
</if>
<status status="PASS" starttime="20260223 00:45:06.409" endtime="20260223 00:45:06.570"/>
</branch>
<branch type="EXCEPT" variable="${error_message}">
<kw name="Capture Page Screenshot" library="SeleniumLibrary">
<arg>error_fill_{$element_identifier}.png</arg>
<doc>Takes a screenshot of the current page and embeds it into a log file.</doc>
<status status="NOT RUN" starttime="20260223 00:45:06.570" endtime="20260223 00:45:06.570"/>
</kw>
<kw name="Log" library="BuiltIn">
<arg>Error al llenar campo ${element_identifier}: ${error_message}</arg>
<arg>level=ERROR</arg>
<doc>Logs the given message with the given level.</doc>
<status status="NOT RUN" starttime="20260223 00:45:06.570" endtime="20260223 00:45:06.571"/>
</kw>
<kw name="Log" library="BuiltIn">
<arg>Texto intentado: ${text_element}</arg>
<arg>level=DEBUG</arg>
<doc>Logs the given message with the given level.</doc>
<status status="NOT RUN" starttime="20260223 00:45:06.571" endtime="20260223 00:45:06.571"/>
</kw>
<kw name="Fail" library="BuiltIn">
<arg>No se pudo llenar el campo '${element_identifier}' con el texto '${text_element}'. Error: ${error_message}</arg>
<doc>Fails the test with the given message and optionally alters its tags.</doc>
<status status="NOT RUN" starttime="20260223 00:45:06.571" endtime="20260223 00:45:06.571"/>
</kw>
<status status="NOT RUN" starttime="20260223 00:45:06.570" endtime="20260223 00:45:06.571"/>
</branch>
<status status="PASS" starttime="20260223 00:45:06.409" endtime="20260223 00:45:06.571"/>
</try>
<status status="PASS" starttime="20260223 00:45:06.407" endtime="20260223 00:45:06.571"/>
</kw>
<kw name="Select List Item" library="general_keywords">
<arg>${SELECT_DOCUMENT}</arg>
<arg>${DUI}</arg>
<doc>Selecciona un item de lista con validaciones robustas
- Validación de parámetros
- Esperas inteligentes con reintentos
- Manejo de listas desplegables dinámicas
- Verificación de selección múltiple
- Captura de errores con screenshots</doc>
<if>
<branch type="IF" condition="'${locator}' == '${EMPTY}'">
<kw name="Fail" library="BuiltIn">
<arg>msg=El locator de la lista no puede estar vacío</arg>
<doc>Fails the test with the given message and optionally alters its tags.</doc>
<status status="NOT RUN" starttime="20260223 00:45:06.573" endtime="20260223 00:45:06.573"/>
</kw>
<status status="NOT RUN" starttime="20260223 00:45:06.572" endtime="20260223 00:45:06.573"/>
</branch>
<status status="PASS" starttime="20260223 00:45:06.572" endtime="20260223 00:45:06.574"/>
</if>
<if>
<branch type="IF" condition="'${label}' == '${EMPTY}'">
<kw name="Fail" library="BuiltIn">
<arg>msg=El label a seleccionar no puede estar vacío</arg>
<doc>Fails the test with the given message and optionally alters its tags.</doc>
<status status="NOT RUN" starttime="20260223 00:45:06.575" endtime="20260223 00:45:06.575"/>
</kw>
<status status="NOT RUN" starttime="20260223 00:45:06.574" endtime="20260223 00:45:06.575"/>
</branch>
<status status="PASS" starttime="20260223 00:45:06.574" endtime="20260223 00:45:06.575"/>
</if>
<try>
<branch type="TRY">
<kw name="Wait Until Keyword Succeeds" library="BuiltIn">
<arg>3x</arg>
<arg>2s</arg>
<arg>Page Should Contain Element</arg>
<arg>${locator}</arg>
<doc>Runs the specified keyword and retries if it fails.</doc>
<kw name="Page Should Contain Element" library="SeleniumLibrary">
<arg>${locator}</arg>
<doc>Verifies that element ``locator`` is found on the current page.</doc>
<msg timestamp="20260223 00:45:06.597" level="INFO">Current page contains element 'id=input-documentType'.</msg>
<status status="PASS" starttime="20260223 00:45:06.576" endtime="20260223 00:45:06.597"/>
</kw>
<status status="PASS" starttime="20260223 00:45:06.575" endtime="20260223 00:45:06.597"/>
</kw>
<kw name="Wait Until Keyword Succeeds" library="BuiltIn">
<arg>3x</arg>
<arg>2s</arg>
<arg>Element Should Be Visible</arg>
<arg>${locator}</arg>
<doc>Runs the specified keyword and retries if it fails.</doc>
<kw name="Element Should Be Visible" library="SeleniumLibrary">
<arg>${locator}</arg>
<doc>Verifies that the element identified by ``locator`` is visible.</doc>
<msg timestamp="20260223 00:45:06.609" level="INFO">Element 'id=input-documentType' is displayed.</msg>
<status status="PASS" starttime="20260223 00:45:06.598" endtime="20260223 00:45:06.609"/>
</kw>
<status status="PASS" starttime="20260223 00:45:06.597" endtime="20260223 00:45:06.610"/>
</kw>
<kw name="Wait Until Keyword Succeeds" library="BuiltIn">
<arg>3x</arg>
<arg>1s</arg>
<arg>Element Should Be Enabled</arg>
<arg>${locator}</arg>
<doc>Runs the specified keyword and retries if it fails.</doc>
<kw name="Element Should Be Enabled" library="SeleniumLibrary">
<arg>${locator}</arg>
<doc>Verifies that element identified by ``locator`` is enabled.</doc>
<status status="PASS" starttime="20260223 00:45:06.610" endtime="20260223 00:45:06.625"/>
</kw>
<status status="PASS" starttime="20260223 00:45:06.610" endtime="20260223 00:45:06.626"/>
</kw>
<kw name="Wait Until Keyword Succeeds" library="BuiltIn">
<arg>2x</arg>
<arg>2s</arg>
<arg>List Selection Should Be Possible</arg>
<arg>${locator}</arg>
<doc>Runs the specified keyword and retries if it fails.</doc>
<kw name="List Selection Should Be Possible" library="general_keywords">
<arg>${locator}</arg>
<doc>Verifica que la lista tenga opciones disponibles</doc>
<kw name="Get List Items" library="SeleniumLibrary">
<var>${items}</var>
<arg>${locator}</arg>
<doc>Returns all labels or values of selection list ``locator``.</doc>
<msg timestamp="20260223 00:45:06.748" level="INFO">${items} = ['Tipo de documento', 'DUI', 'Pasaporte', 'Carné de Residente']</msg>
<status status="PASS" starttime="20260223 00:45:06.627" endtime="20260223 00:45:06.749"/>
</kw>
<kw name="Should Not Be Empty" library="BuiltIn">
<arg>${items}</arg>
<arg>msg=La lista ${locator} no tiene opciones disponibles</arg>
<doc>Verifies that the given item is not empty.</doc>
<msg timestamp="20260223 00:45:06.749" level="INFO">Length is 4</msg>
<status status="PASS" starttime="20260223 00:45:06.749" endtime="20260223 00:45:06.750"/>
</kw>
<status status="PASS" starttime="20260223 00:45:06.626" endtime="20260223 00:45:06.750"/>
</kw>
<status status="PASS" starttime="20260223 00:45:06.626" endtime="20260223 00:45:06.750"/>
</kw>
<kw name="Wait Until Keyword Succeeds" library="BuiltIn">
<arg>2x</arg>
<arg>1s</arg>
<arg>Select From List By Label</arg>
<arg>${locator}</arg>
<arg>${label}</arg>
<doc>Runs the specified keyword and retries if it fails.</doc>
<kw name="Select From List By Label" library="SeleniumLibrary">
<arg>${locator}</arg>
<arg>${label}</arg>
<doc>Selects options from selection list ``locator`` by ``labels``.</doc>
<msg timestamp="20260223 00:45:06.751" level="INFO">Selecting options from selection list 'id=input-documentType' by label DUI.</msg>
<status status="PASS" starttime="20260223 00:45:06.751" endtime="20260223 00:45:06.835"/>
</kw>
<status status="PASS" starttime="20260223 00:45:06.750" endtime="20260223 00:45:06.836"/>
</kw>
<kw name="Wait Until Keyword Succeeds" library="BuiltIn">
<arg>3x</arg>
<arg>1s</arg>
<arg>Verify List Selection</arg>
<arg>${locator}</arg>
<arg>${label}</arg>
<doc>Runs the specified keyword and retries if it fails.</doc>
<kw name="Verify List Selection" library="general_keywords">
<arg>${locator}</arg>
<arg>${label}</arg>
<doc>Keyword auxiliar para verificar la selección</doc>
<kw name="Get Selected List Label" library="SeleniumLibrary">
<var>${selected_label}</var>
<arg>${locator}</arg>
<doc>Returns the label of selected option from selection list ``locator``.</doc>
<msg timestamp="20260223 00:45:06.902" level="INFO">${selected_label} = DUI</msg>
<status status="PASS" starttime="20260223 00:45:06.837" endtime="20260223 00:45:06.902"/>
</kw>
<kw name="Should Be Equal As Strings" library="BuiltIn">
<arg>${selected_label}</arg>
<arg>${expected_label}</arg>
<arg>msg=La selección no coincide. Esperado: '${expected_label}' - Actual: '${selected_label}'</arg>
<doc>Fails if objects are unequal after converting them to strings.</doc>
<status status="PASS" starttime="20260223 00:45:06.903" endtime="20260223 00:45:06.903"/>
</kw>
<status status="PASS" starttime="20260223 00:45:06.837" endtime="20260223 00:45:06.903"/>
</kw>
<status status="PASS" starttime="20260223 00:45:06.836" endtime="20260223 00:45:06.903"/>
</kw>
<status status="PASS" starttime="20260223 00:45:06.575" endtime="20260223 00:45:06.904"/>
</branch>
<branch type="EXCEPT" variable="${error_message}">
<kw name="Capture Page Screenshot" library="SeleniumLibrary">
<arg>error_select_list_{$locator}.png</arg>
<doc>Takes a screenshot of the current page and embeds it into a log file.</doc>
<status status="NOT RUN" starttime="20260223 00:45:06.904" endtime="20260223 00:45:06.904"/>
</kw>
<kw name="Run Keyword And Ignore Error" library="BuiltIn">
<var>${available_labels}</var>
<arg>Get List Items</arg>
<arg>${locator}</arg>
<doc>Runs the given keyword with the given arguments and ignores possible error.</doc>
<status status="NOT RUN" starttime="20260223 00:45:06.904" endtime="20260223 00:45:06.904"/>
</kw>
<kw name="Run Keyword And Ignore Error" library="BuiltIn">
<var>${current_selection}</var>
<arg>Get Selected List Label</arg>
<arg>${locator}</arg>
<doc>Runs the given keyword with the given arguments and ignores possible error.</doc>
<status status="NOT RUN" starttime="20260223 00:45:06.904" endtime="20260223 00:45:06.905"/>
</kw>
<kw name="Log" library="BuiltIn">
<arg>Error al seleccionar '${label}' en ${locator}: ${error_message}</arg>
<arg>level=ERROR</arg>
<doc>Logs the given message with the given level.</doc>
<status status="NOT RUN" starttime="20260223 00:45:06.905" endtime="20260223 00:45:06.905"/>
</kw>
<if>
<branch type="IF" condition="'${available_labels}[0]' == 'PASS'">
<kw name="Log" library="BuiltIn">
<arg>Opciones disponibles: ${available_labels}[1]</arg>
<arg>level=DEBUG</arg>
<doc>Logs the given message with the given level.</doc>
<status status="NOT RUN" starttime="20260223 00:45:06.905" endtime="20260223 00:45:06.905"/>
</kw>
<status status="NOT RUN" starttime="20260223 00:45:06.905" endtime="20260223 00:45:06.906"/>
</branch>
<status status="NOT RUN" starttime="20260223 00:45:06.905" endtime="20260223 00:45:06.906"/>
</if>
<if>
<branch type="IF" condition="'${current_selection}[0]' == 'PASS'">
<kw name="Log" library="BuiltIn">
<arg>Selección actual: ${current_selection}[1]</arg>
<arg>level=DEBUG</arg>
<doc>Logs the given message with the given level.</doc>
<status status="NOT RUN" starttime="20260223 00:45:06.906" endtime="20260223 00:45:06.906"/>
</kw>
<status status="NOT RUN" starttime="20260223 00:45:06.906" endtime="20260223 00:45:06.906"/>
</branch>
<status status="NOT RUN" starttime="20260223 00:45:06.906" endtime="20260223 00:45:06.907"/>
</if>
<kw name="Fail" library="BuiltIn">
<arg>No se pudo seleccionar '${label}' en la lista '${locator}'. Error: ${error_message}</arg>
<doc>Fails the test with the given message and optionally alters its tags.</doc>
<status status="NOT RUN" starttime="20260223 00:45:06.907" endtime="20260223 00:45:06.907"/>
</kw>
<status status="NOT RUN" starttime="20260223 00:45:06.904" endtime="20260223 00:45:06.907"/>
</branch>
<status status="PASS" starttime="20260223 00:45:06.575" endtime="20260223 00:45:06.907"/>
</try>
<status status="PASS" starttime="20260223 00:45:06.572" endtime="20260223 00:45:06.907"/>
</kw>
<kw name="Fill Element By Text" library="general_keywords">
<arg>${INPUT_DOCUMENT}</arg>
<arg>${DOCUMENT}</arg>
<doc>Llenado robusto de campos de texto con manejo de errores
- Esperas inteligentes
- Validación de parámetros
- Captura de errores detallada
- Screenshots en caso de error</doc>
<if>
<branch type="IF" condition="'${element_identifier}' == '${EMPTY}'">
<kw name="Fail" library="BuiltIn">
<arg>msg=El identificador del elemento no puede estar vacío</arg>
<doc>Fails the test with the given message and optionally alters its tags.</doc>
<status status="NOT RUN" starttime="20260223 00:45:06.909" endtime="20260223 00:45:06.909"/>
</kw>
<status status="NOT RUN" starttime="20260223 00:45:06.908" endtime="20260223 00:45:06.909"/>
</branch>
<status status="PASS" starttime="20260223 00:45:06.908" endtime="20260223 00:45:06.909"/>
</if>
<try>
<branch type="TRY">
<kw name="Wait Until Keyword Succeeds" library="BuiltIn">
<arg>3x</arg>
<arg>2s</arg>
<arg>Page Should Contain Element</arg>
<arg>${element_identifier}</arg>
<doc>Runs the specified keyword and retries if it fails.</doc>
<kw name="Page Should Contain Element" library="SeleniumLibrary">
<arg>${element_identifier}</arg>
<doc>Verifies that element ``locator`` is found on the current page.</doc>
<msg timestamp="20260223 00:45:06.920" level="INFO">Current page contains element 'id=input-document'.</msg>
<status status="PASS" starttime="20260223 00:45:06.910" endtime="20260223 00:45:06.920"/>
</kw>
<status status="PASS" starttime="20260223 00:45:06.909" endtime="20260223 00:45:06.920"/>
</kw>
<kw name="Wait Until Keyword Succeeds" library="BuiltIn">
<arg>3x</arg>
<arg>1s</arg>
<arg>Element Should Be Visible</arg>
<arg>${element_identifier}</arg>
<doc>Runs the specified keyword and retries if it fails.</doc>
<kw name="Element Should Be Visible" library="SeleniumLibrary">
<arg>${element_identifier}</arg>
<doc>Verifies that the element identified by ``locator`` is visible.</doc>
<msg timestamp="20260223 00:45:06.947" level="INFO">Element 'id=input-document' is displayed.</msg>
<status status="PASS" starttime="20260223 00:45:06.921" endtime="20260223 00:45:06.948"/>
</kw>
<status status="PASS" starttime="20260223 00:45:06.921" endtime="20260223 00:45:06.948"/>
</kw>
<kw name="Wait Until Keyword Succeeds" library="BuiltIn">
<arg>2x</arg>
<arg>1s</arg>
<arg>Element Should Be Enabled</arg>
<arg>${element_identifier}</arg>
<doc>Runs the specified keyword and retries if it fails.</doc>
<kw name="Element Should Be Enabled" library="SeleniumLibrary">
<arg>${element_identifier}</arg>
<doc>Verifies that element identified by ``locator`` is enabled.</doc>
<status status="PASS" starttime="20260223 00:45:06.949" endtime="20260223 00:45:06.970"/>
</kw>
<status status="PASS" starttime="20260223 00:45:06.948" endtime="20260223 00:45:06.970"/>
</kw>
<kw name="Clear Element Text" library="SeleniumLibrary">
<arg>${element_identifier}</arg>
<doc>Clears the value of the text-input-element identified by ``locator``.</doc>
<status status="PASS" starttime="20260223 00:45:06.970" endtime="20260223 00:45:07.002"/>
</kw>
<if>
<branch type="IF" condition="'${text_element}' != '${EMPTY}'">
<kw name="Input Text" library="SeleniumLibrary">
<arg>${element_identifier}</arg>
<arg>${text_element}</arg>
<doc>Types the given ``text`` into the text field identified by ``locator``.</doc>
<msg timestamp="20260223 00:45:07.004" level="INFO">Typing text '060247028' into text field 'id=input-document'.</msg>
<status status="PASS" starttime="20260223 00:45:07.003" endtime="20260223 00:45:07.135"/>
</kw>
<kw name="Log" library="BuiltIn">
<arg>Campo ${element_identifier} llenado con: ${text_element}</arg>
<doc>Logs the given message with the given level.</doc>
<msg timestamp="20260223 00:45:07.136" level="INFO">Campo id=input-document llenado con: 060247028</msg>
<status status="PASS" starttime="20260223 00:45:07.136" endtime="20260223 00:45:07.136"/>
</kw>
<status status="PASS" starttime="20260223 00:45:07.002" endtime="20260223 00:45:07.137"/>
</branch>
<branch type="ELSE">
<kw name="Log" library="BuiltIn">
<arg>Campo ${element_identifier} se dejó vacío como se solicitó</arg>
<doc>Logs the given message with the given level.</doc>
<status status="NOT RUN" starttime="20260223 00:45:07.138" endtime="20260223 00:45:07.138"/>
</kw>
<status status="NOT RUN" starttime="20260223 00:45:07.137" endtime="20260223 00:45:07.138"/>
</branch>
<status status="PASS" starttime="20260223 00:45:07.002" endtime="20260223 00:45:07.140"/>
</if>
<status status="PASS" starttime="20260223 00:45:06.909" endtime="20260223 00:45:07.140"/>
</branch>
<branch type="EXCEPT" variable="${error_message}">
<kw name="Capture Page Screenshot" library="SeleniumLibrary">
<arg>error_fill_{$element_identifier}.png</arg>
<doc>Takes a screenshot of the current page and embeds it into a log file.</doc>
<status status="NOT RUN" starttime="20260223 00:45:07.141" endtime="20260223 00:45:07.141"/>
</kw>
<kw name="Log" library="BuiltIn">
<arg>Error al llenar campo ${element_identifier}: ${error_message}</arg>
<arg>level=ERROR</arg>
<doc>Logs the given message with the given level.</doc>
<status status="NOT RUN" starttime="20260223 00:45:07.142" endtime="20260223 00:45:07.142"/>
</kw>
<kw name="Log" library="BuiltIn">
<arg>Texto intentado: ${text_element}</arg>
<arg>level=DEBUG</arg>
<doc>Logs the given message with the given level.</doc>
<status status="NOT RUN" starttime="20260223 00:45:07.142" endtime="20260223 00:45:07.143"/>
</kw>
<kw name="Fail" library="BuiltIn">
<arg>No se pudo llenar el campo '${element_identifier}' con el texto '${text_element}'. Error: ${error_message}</arg>
<doc>Fails the test with the given message and optionally alters its tags.</doc>
<status status="NOT RUN" starttime="20260223 00:45:07.143" endtime="20260223 00:45:07.143"/>
</kw>
<status status="NOT RUN" starttime="20260223 00:45:07.140" endtime="20260223 00:45:07.143"/>
</branch>
<status status="PASS" starttime="20260223 00:45:06.909" endtime="20260223 00:45:07.144"/>
</try>
<status status="PASS" starttime="20260223 00:45:06.908" endtime="20260223 00:45:07.144"/>
</kw>
<kw name="Fill Element By Text" library="general_keywords">
<arg>${INPUT_PHONE}</arg>
<arg>${PHONE}</arg>
<doc>Llenado robusto de campos de texto con manejo de errores
- Esperas inteligentes
- Validación de parámetros
- Captura de errores detallada
- Screenshots en caso de error</doc>
<if>
<branch type="IF" condition="'${element_identifier}' == '${EMPTY}'">
<kw name="Fail" library="BuiltIn">
<arg>msg=El identificador del elemento no puede estar vacío</arg>
<doc>Fails the test with the given message and optionally alters its tags.</doc>
<status status="NOT RUN" starttime="20260223 00:45:07.146" endtime="20260223 00:45:07.146"/>
</kw>
<status status="NOT RUN" starttime="20260223 00:45:07.145" endtime="20260223 00:45:07.147"/>
</branch>
<status status="PASS" starttime="20260223 00:45:07.145" endtime="20260223 00:45:07.147"/>
</if>
<try>
<branch type="TRY">
<kw name="Wait Until Keyword Succeeds" library="BuiltIn">
<arg>3x</arg>
<arg>2s</arg>
<arg>Page Should Contain Element</arg>
<arg>${element_identifier}</arg>
<doc>Runs the specified keyword and retries if it fails.</doc>
<kw name="Page Should Contain Element" library="SeleniumLibrary">
<arg>${element_identifier}</arg>
<doc>Verifies that element ``locator`` is found on the current page.</doc>
<msg timestamp="20260223 00:45:07.172" level="INFO">Current page contains element 'id=input-homePhone'.</msg>
<status status="PASS" starttime="20260223 00:45:07.147" endtime="20260223 00:45:07.172"/>
</kw>
<status status="PASS" starttime="20260223 00:45:07.147" endtime="20260223 00:45:07.173"/>
</kw>
<kw name="Wait Until Keyword Succeeds" library="BuiltIn">
<arg>3x</arg>
<arg>1s</arg>
<arg>Element Should Be Visible</arg>
<arg>${element_identifier}</arg>
<doc>Runs the specified keyword and retries if it fails.</doc>
<kw name="Element Should Be Visible" library="SeleniumLibrary">
<arg>${element_identifier}</arg>
<doc>Verifies that the element identified by ``locator`` is visible.</doc>
<msg timestamp="20260223 00:45:07.193" level="INFO">Element 'id=input-homePhone' is displayed.</msg>
<status status="PASS" starttime="20260223 00:45:07.176" endtime="20260223 00:45:07.193"/>
</kw>
<status status="PASS" starttime="20260223 00:45:07.174" endtime="20260223 00:45:07.193"/>
</kw>
<kw name="Wait Until Keyword Succeeds" library="BuiltIn">
<arg>2x</arg>
<arg>1s</arg>
<arg>Element Should Be Enabled</arg>
<arg>${element_identifier}</arg>
<doc>Runs the specified keyword and retries if it fails.</doc>
<kw name="Element Should Be Enabled" library="SeleniumLibrary">
<arg>${element_identifier}</arg>
<doc>Verifies that element identified by ``locator`` is enabled.</doc>
<status status="PASS" starttime="20260223 00:45:07.194" endtime="20260223 00:45:07.218"/>
</kw>
<status status="PASS" starttime="20260223 00:45:07.194" endtime="20260223 00:45:07.218"/>
</kw>
<kw name="Clear Element Text" library="SeleniumLibrary">
<arg>${element_identifier}</arg>
<doc>Clears the value of the text-input-element identified by ``locator``.</doc>
<status status="PASS" starttime="20260223 00:45:07.219" endtime="20260223 00:45:07.263"/>
</kw>
<if>
<branch type="IF" condition="'${text_element}' != '${EMPTY}'">
<kw name="Input Text" library="SeleniumLibrary">
<arg>${element_identifier}</arg>
<arg>${text_element}</arg>
<doc>Types the given ``text`` into the text field identified by ``locator``.</doc>
<msg timestamp="20260223 00:45:07.266" level="INFO">Typing text '75391216' into text field 'id=input-homePhone'.</msg>
<status status="PASS" starttime="20260223 00:45:07.265" endtime="20260223 00:45:07.440"/>
</kw>
<kw name="Log" library="BuiltIn">
<arg>Campo ${element_identifier} llenado con: ${text_element}</arg>
<doc>Logs the given message with the given level.</doc>
<msg timestamp="20260223 00:45:07.441" level="INFO">Campo id=input-homePhone llenado con: 75391216</msg>
<status status="PASS" starttime="20260223 00:45:07.440" endtime="20260223 00:45:07.441"/>
</kw>
<status status="PASS" starttime="20260223 00:45:07.263" endtime="20260223 00:45:07.441"/>
</branch>
<branch type="ELSE">
<kw name="Log" library="BuiltIn">
<arg>Campo ${element_identifier} se dejó vacío como se solicitó</arg>
<doc>Logs the given message with the given level.</doc>
<status status="NOT RUN" starttime="20260223 00:45:07.442" endtime="20260223 00:45:07.442"/>
</kw>
<status status="NOT RUN" starttime="20260223 00:45:07.442" endtime="20260223 00:45:07.442"/>
</branch>
<status status="PASS" starttime="20260223 00:45:07.263" endtime="20260223 00:45:07.442"/>
</if>
<status status="PASS" starttime="20260223 00:45:07.147" endtime="20260223 00:45:07.442"/>
</branch>
<branch type="EXCEPT" variable="${error_message}">
<kw name="Capture Page Screenshot" library="SeleniumLibrary">
<arg>error_fill_{$element_identifier}.png</arg>
<doc>Takes a screenshot of the current page and embeds it into a log file.</doc>
<status status="NOT RUN" starttime="20260223 00:45:07.443" endtime="20260223 00:45:07.443"/>
</kw>
<kw name="Log" library="BuiltIn">
<arg>Error al llenar campo ${element_identifier}: ${error_message}</arg>
<arg>level=ERROR</arg>
<doc>Logs the given message with the given level.</doc>
<status status="NOT RUN" starttime="20260223 00:45:07.443" endtime="20260223 00:45:07.443"/>
</kw>
<kw name="Log" library="BuiltIn">
<arg>Texto intentado: ${text_element}</arg>
<arg>level=DEBUG</arg>
<doc>Logs the given message with the given level.</doc>
<status status="NOT RUN" starttime="20260223 00:45:07.444" endtime="20260223 00:45:07.444"/>
</kw>
<kw name="Fail" library="BuiltIn">
<arg>No se pudo llenar el campo '${element_identifier}' con el texto '${text_element}'. Error: ${error_message}</arg>
<doc>Fails the test with the given message and optionally alters its tags.</doc>
<status status="NOT RUN" starttime="20260223 00:45:07.444" endtime="20260223 00:45:07.444"/>
</kw>
<status status="NOT RUN" starttime="20260223 00:45:07.443" endtime="20260223 00:45:07.444"/>
</branch>
<status status="PASS" starttime="20260223 00:45:07.147" endtime="20260223 00:45:07.445"/>
</try>
<status status="PASS" starttime="20260223 00:45:07.144" endtime="20260223 00:45:07.445"/>
</kw>
<if>
[...]
<status status="PASS" starttime="20260223 00:45:37.401" endtime="20260223 00:45:37.415"/>
</kw>
<status status="PASS" starttime="20260223 00:45:37.401" endtime="20260223 00:45:37.416"/>
</kw>
<kw name="Clear Element Text" library="SeleniumLibrary">
<arg>${element_identifier}</arg>
<doc>Clears the value of the text-input-element identified by ``locator``.</doc>
<status status="PASS" starttime="20260223 00:45:37.416" endtime="20260223 00:45:37.439"/>
</kw>
<if>
<branch type="IF" condition="'${text_element}' != '${EMPTY}'">
<kw name="Input Text" library="SeleniumLibrary">
<arg>${element_identifier}</arg>
<arg>${text_element}</arg>
<doc>Types the given ``text`` into the text field identified by ``locator``.</doc>
<msg timestamp="20260223 00:45:37.441" level="INFO">Typing text 'User Test' into text field 'id=ship-receiverName'.</msg>
<status status="PASS" starttime="20260223 00:45:37.440" endtime="20260223 00:45:37.768"/>
</kw>
<kw name="Log" library="BuiltIn">
<arg>Campo ${element_identifier} llenado con: ${text_element}</arg>
<doc>Logs the given message with the given level.</doc>
<msg timestamp="20260223 00:45:37.769" level="INFO">Campo id=ship-receiverName llenado con: User Test</msg>
<status status="PASS" starttime="20260223 00:45:37.769" endtime="20260223 00:45:37.769"/>
</kw>
<status status="PASS" starttime="20260223 00:45:37.439" endtime="20260223 00:45:37.770"/>
</branch>
<branch type="ELSE">
<kw name="Log" library="BuiltIn">
<arg>Campo ${element_identifier} se dejó vacío como se solicitó</arg>
<doc>Logs the given message with the given level.</doc>
<status status="NOT RUN" starttime="20260223 00:45:37.770" endtime="20260223 00:45:37.770"/>
</kw>
<status status="NOT RUN" starttime="20260223 00:45:37.770" endtime="20260223 00:45:37.771"/>
</branch>
<status status="PASS" starttime="20260223 00:45:37.439" endtime="20260223 00:45:37.771"/>
</if>
<status status="PASS" starttime="20260223 00:45:37.377" endtime="20260223 00:45:37.771"/>
</branch>
<branch type="EXCEPT" variable="${error_message}">
<kw name="Capture Page Screenshot" library="SeleniumLibrary">
<arg>error_fill_{$element_identifier}.png</arg>
<doc>Takes a screenshot of the current page and embeds it into a log file.</doc>
<status status="NOT RUN" starttime="20260223 00:45:37.771" endtime="20260223 00:45:37.771"/>
</kw>
<kw name="Log" library="BuiltIn">
<arg>Error al llenar campo ${element_identifier}: ${error_message}</arg>
<arg>level=ERROR</arg>
<doc>Logs the given message with the given level.</doc>
<status status="NOT RUN" starttime="20260223 00:45:37.772" endtime="20260223 00:45:37.772"/>
</kw>
<kw name="Log" library="BuiltIn">
<arg>Texto intentado: ${text_element}</arg>
<arg>level=DEBUG</arg>
<doc>Logs the given message with the given level.</doc>
<status status="NOT RUN" starttime="20260223 00:45:37.772" endtime="20260223 00:45:37.772"/>
</kw>
<kw name="Fail" library="BuiltIn">
<arg>No se pudo llenar el campo '${element_identifier}' con el texto '${text_element}'. Error: ${error_message}</arg>
<doc>Fails the test with the given message and optionally alters its tags.</doc>
<status status="NOT RUN" starttime="20260223 00:45:37.773" endtime="20260223 00:45:37.773"/>
</kw>
<status status="NOT RUN" starttime="20260223 00:45:37.771" endtime="20260223 00:45:37.773"/>
</branch>
<status status="PASS" starttime="20260223 00:45:37.377" endtime="20260223 00:45:37.773"/>
</try>
<status status="PASS" starttime="20260223 00:45:37.374" endtime="20260223 00:45:37.773"/>
</kw>
<kw name="Wait Until Element Is Visible" library="SeleniumLibrary">
<arg>${BTN_GO_TO_STEP3_PAYMENT}</arg>
<arg>30s</arg>
<doc>Waits until the element ``locator`` is visible.</doc>
<status status="PASS" starttime="20260223 00:45:37.774" endtime="20260223 00:45:37.794"/>
</kw>
<kw name="Click Element By Type" library="general_keywords">
<arg>${BTN_GO_TO_STEP3_PAYMENT}</arg>
<arg>button</arg>
<doc>Click especializado por tipo de elemento</doc>
<kw name="Page Should Contain Element" library="SeleniumLibrary">
<arg>${element_identifier}</arg>
<doc>Verifies that element ``locator`` is found on the current page.</doc>
<msg timestamp="20260223 00:45:37.801" level="INFO">Current page contains element 'xpath=(//button[@id='btn-go-to-payment'])[2]'.</msg>
<status status="PASS" starttime="20260223 00:45:37.795" endtime="20260223 00:45:37.801"/>
</kw>
<if>
<branch type="IF" condition="'${element_type}' == 'button'">
<kw name="Click Button Safe" library="general_keywords">
<arg>${element_identifier}</arg>
<doc>Click especializado para botones con esperas robustas</doc>
<kw name="Wait Until Element Is Visible" library="SeleniumLibrary">
<arg>${link_identifier}</arg>
<arg>30s</arg>
<doc>Waits until the element ``locator`` is visible.</doc>
<status status="PASS" starttime="20260223 00:45:37.802" endtime="20260223 00:45:37.813"/>
</kw>
<kw name="Wait Until Element Is Enabled" library="SeleniumLibrary">
<arg>${link_identifier}</arg>
<arg>30s</arg>
<doc>Waits until the element ``locator`` is enabled.</doc>
<status status="PASS" starttime="20260223 00:45:37.813" endtime="20260223 00:45:37.827"/>
</kw>
<kw name="Click Element" library="SeleniumLibrary">
<arg>${link_identifier}</arg>
<doc>Click the element identified by ``locator``.</doc>
<msg timestamp="20260223 00:45:37.828" level="INFO">Clicking element 'xpath=(//button[@id='btn-go-to-payment'])[2]'.</msg>
<status status="PASS" starttime="20260223 00:45:37.828" endtime="20260223 00:45:37.937"/>
</kw>
<status status="PASS" starttime="20260223 00:45:37.801" endtime="20260223 00:45:37.938"/>
</kw>
<status status="PASS" starttime="20260223 00:45:37.801" endtime="20260223 00:45:37.938"/>
</branch>
<branch type="ELSE IF" condition="'${element_type}' == 'link'">
<kw name="Click Link Safe" library="general_keywords">
<arg>${element_identifier}</arg>
<doc>Click especializado para enlaces con esperas robustas</doc>
<status status="NOT RUN" starttime="20260223 00:45:37.938" endtime="20260223 00:45:37.939"/>
</kw>
<status status="NOT RUN" starttime="20260223 00:45:37.938" endtime="20260223 00:45:37.939"/>
</branch>
<branch type="ELSE IF" condition="'${element_type}' == 'checkbox'">
<kw name="Click Checkbox Safe" library="general_keywords">
<arg>${element_identifier}</arg>
<doc>Click especializado para checkboxes con esperas robustas</doc>
<status status="NOT RUN" starttime="20260223 00:45:37.939" endtime="20260223 00:45:37.939"/>
</kw>
<status status="NOT RUN" starttime="20260223 00:45:37.939" endtime="20260223 00:45:37.939"/>
</branch>
<branch type="ELSE IF" condition="'${element_type}' == 'radio'">
<kw name="Click Radio Button Safe" library="general_keywords">
<arg>${element_identifier}</arg>
<doc>Click especializado para radio buttons con esperas robustas</doc>
<status status="NOT RUN" starttime="20260223 00:45:37.940" endtime="20260223 00:45:37.940"/>
</kw>
<status status="NOT RUN" starttime="20260223 00:45:37.940" endtime="20260223 00:45:37.940"/>
</branch>
<branch type="ELSE">
<kw name="Click Element" library="SeleniumLibrary">
<arg>${element_identifier}</arg>
<doc>Click the element identified by ``locator``.</doc>
<status status="NOT RUN" starttime="20260223 00:45:37.940" endtime="20260223 00:45:37.940"/>
</kw>
<status status="NOT RUN" starttime="20260223 00:45:37.940" endtime="20260223 00:45:37.941"/>
</branch>
<status status="PASS" starttime="20260223 00:45:37.801" endtime="20260223 00:45:37.941"/>
</if>
<status status="PASS" starttime="20260223 00:45:37.795" endtime="20260223 00:45:37.941"/>
</kw>
<status status="PASS" starttime="20260223 00:45:32.469" endtime="20260223 00:45:37.941"/>
</branch>
<branch type="ELSE IF" condition="'${user_type}' == 'recurrent_user'">
<kw name="Click Element By Type" library="general_keywords">
<arg>${BTN_NEW_ADDRESS_OPTION}</arg>
<arg>button</arg>
<doc>Click especializado por tipo de elemento</doc>
<status status="NOT RUN" starttime="20260223 00:45:37.941" endtime="20260223 00:45:37.942"/>
</kw>
<kw name="Select List Item" library="general_keywords">
<arg>${SELECT_DEPARMENT}</arg>
<arg>${DEPARTMENT}</arg>
<doc>Selecciona un item de lista con validaciones robustas
- Validación de parámetros
- Esperas inteligentes con reintentos
- Manejo de listas desplegables dinámicas
- Verificación de selección múltiple
- Captura de errores con screenshots</doc>
<status status="NOT RUN" starttime="20260223 00:45:37.942" endtime="20260223 00:45:37.942"/>
</kw>
<kw name="Select List Item" library="general_keywords">
<arg>${SELECT_CITY}</arg>
<arg>${CITY}</arg>
<doc>Selecciona un item de lista con validaciones robustas
- Validación de parámetros
- Esperas inteligentes con reintentos
- Manejo de listas desplegables dinámicas
- Verificación de selección múltiple
- Captura de errores con screenshots</doc>
<status status="NOT RUN" starttime="20260223 00:45:37.942" endtime="20260223 00:45:37.942"/>
</kw>
<kw name="Select List Item" library="general_keywords">
<arg>${SELECT_NEIGHBORHOOD}</arg>
<arg>${NEIGHBORHOOD}</arg>
<doc>Selecciona un item de lista con validaciones robustas
- Validación de parámetros
- Esperas inteligentes con reintentos
- Manejo de listas desplegables dinámicas
- Verificación de selección múltiple
- Captura de errores con screenshots</doc>
<status status="NOT RUN" starttime="20260223 00:45:37.943" endtime="20260223 00:45:37.943"/>
</kw>
<kw name="Fill Element By Text" library="general_keywords">
<arg>${INPUT_STREET}</arg>
<arg>Test Street</arg>
<doc>Llenado robusto de campos de texto con manejo de errores
- Esperas inteligentes
- Validación de parámetros
- Captura de errores detallada
- Screenshots en caso de error</doc>
<status status="NOT RUN" starttime="20260223 00:45:37.943" endtime="20260223 00:45:37.944"/>
</kw>
<kw name="Fill Element By Text" library="general_keywords">
<arg>${INPUT_COMPLEMENT}</arg>
<arg>Apto 123</arg>
<doc>Llenado robusto de campos de texto con manejo de errores
- Esperas inteligentes
- Validación de parámetros
- Captura de errores detallada
- Screenshots en caso de error</doc>
<status status="NOT RUN" starttime="20260223 00:45:37.944" endtime="20260223 00:45:37.944"/>
</kw>
<kw name="Fill Element By Text" library="general_keywords">
<arg>${INPUT_RECEIVER_NAME}</arg>
<arg>User Test</arg>
<doc>Llenado robusto de campos de texto con manejo de errores
- Esperas inteligentes
- Validación de parámetros
- Captura de errores detallada
- Screenshots en caso de error</doc>
<status status="NOT RUN" starttime="20260223 00:45:37.944" endtime="20260223 00:45:37.944"/>
</kw>
<kw name="Wait Until Element Is Visible" library="SeleniumLibrary">
<arg>${BTN_GO_TO_STEP3_PAYMENT}</arg>
<arg>30s</arg>
<doc>Waits until the element ``locator`` is visible.</doc>
<status status="NOT RUN" starttime="20260223 00:45:37.945" endtime="20260223 00:45:37.945"/>
</kw>
<kw name="Click Element By Type" library="general_keywords">
<arg>${BTN_GO_TO_STEP3_PAYMENT}</arg>
<arg>button</arg>
<doc>Click especializado por tipo de elemento</doc>
<status status="NOT RUN" starttime="20260223 00:45:37.945" endtime="20260223 00:45:37.945"/>
</kw>
<status status="NOT RUN" starttime="20260223 00:45:37.941" endtime="20260223 00:45:37.945"/>
</branch>
<status status="PASS" starttime="20260223 00:45:32.469" endtime="20260223 00:45:37.945"/>
</if>
<status status="PASS" starttime="20260223 00:45:32.435" endtime="20260223 00:45:37.945"/>
</kw>
<kw name="Select Payment Method" library="checkout_keywords">
<arg>transferencia_bancaria</arg>
<doc>Selección de método de pago en checkout</doc>
<if>
<branch type="IF" condition="'${payment_method}' == 'credisiman'">
<kw name="Wait Until Element Is Visible" library="SeleniumLibrary">
<arg>${PAYMENT_CREDISIMAN}</arg>
<arg>30s</arg>
<doc>Waits until the element ``locator`` is visible.</doc>
<status status="NOT RUN" starttime="20260223 00:45:37.946" endtime="20260223 00:45:37.946"/>
</kw>
<kw name="Click Element By Type" library="general_keywords">
<arg>${PAYMENT_CREDISIMAN}</arg>
<arg>button</arg>
<doc>Click especializado por tipo de elemento</doc>
<status status="NOT RUN" starttime="20260223 00:45:37.946" endtime="20260223 00:45:37.947"/>
</kw>
<kw name="Click Element By Type" library="general_keywords">
<arg>${PAYMENT_TRANS_BANK}</arg>
<arg>button</arg>
<doc>Click especializado por tipo de elemento</doc>
<status status="NOT RUN" starttime="20260223 00:45:37.947" endtime="20260223 00:45:37.947"/>
</kw>
<kw name="Click Element By Type" library="general_keywords">
<arg>${PAYMENT_CREDISIMAN}</arg>
<arg>button</arg>
<doc>Click especializado por tipo de elemento</doc>
<status status="NOT RUN" starttime="20260223 00:45:37.947" endtime="20260223 00:45:37.947"/>
</kw>
<kw name="Sleep" library="BuiltIn">
<arg>3s</arg>
<doc>Pauses the test executed for the given time.</doc>
<status status="NOT RUN" starttime="20260223 00:45:37.947" endtime="20260223 00:45:37.947"/>
</kw>
<kw name="Wait Until Element Is Visible" library="SeleniumLibrary">
<arg>xpath://form//iframe[contains(@src,'vtexpayments.com.br/card-ui')]</arg>
<doc>Waits until the element ``locator`` is visible.</doc>
<status status="NOT RUN" starttime="20260223 00:45:37.947" endtime="20260223 00:45:37.947"/>
</kw>
<kw name="Select Frame" library="SeleniumLibrary">
<arg>xpath://form//iframe[contains(@src,'vtexpayments.com.br/card-ui')]</arg>
<doc>Sets frame identified by ``locator`` as the current frame.</doc>
<status status="NOT RUN" starttime="20260223 00:45:37.948" endtime="20260223 00:45:37.948"/>
</kw>
<kw name="Fill Element By Text" library="general_keywords">
<arg>${INPUT_CREDISIMAN_CARD}</arg>
<arg>4111 1111 1111 1111</arg>
<doc>Llenado robusto de campos de texto con manejo de errores
- Esperas inteligentes
- Validación de parámetros
- Captura de errores detallada
- Screenshots en caso de error</doc>
<status status="NOT RUN" starttime="20260223 00:45:37.948" endtime="20260223 00:45:37.948"/>
</kw>
<kw name="Fill Element By Text" library="general_keywords">
<arg>${INPUT_CREDISIMAN_NAME}</arg>
<arg>Test User</arg>
<doc>Llenado robusto de campos de texto con manejo de errores
- Esperas inteligentes
- Validación de parámetros
- Captura de errores detallada
- Screenshots en caso de error</doc>
<status status="NOT RUN" starttime="20260223 00:45:37.948" endtime="20260223 00:45:37.948"/>
</kw>
<kw name="Unselect Frame" library="SeleniumLibrary">
<doc>Sets the main frame as the current frame.</doc>
<status status="NOT RUN" starttime="20260223 00:45:37.948" endtime="20260223 00:45:37.948"/>
</kw>
<status status="NOT RUN" starttime="20260223 00:45:37.946" endtime="20260223 00:45:37.949"/>
</branch>
<branch type="ELSE IF" condition="'${payment_method}' == 'credisiman cuotas'">
<kw name="Log To Console" library="BuiltIn">
<arg>Seleccionando pago con credisiman cuotas</arg>
<doc>Logs the given message to the console.</doc>
<status status="NOT RUN" starttime="20260223 00:45:37.949" endtime="20260223 00:45:37.949"/>
</kw>
<status status="NOT RUN" starttime="20260223 00:45:37.949" endtime="20260223 00:45:37.949"/>
</branch>
<branch type="ELSE IF" condition="'${payment_method}' == 'credisiman cuotas intereses'">
<kw name="Log To Console" library="BuiltIn">
<arg>Seleccionando pago con credisiman cuotas intereses</arg>
<doc>Logs the given message to the console.</doc>
<status status="NOT RUN" starttime="20260223 00:45:37.950" endtime="20260223 00:45:37.950"/>
</kw>
<status status="NOT RUN" starttime="20260223 00:45:37.950" endtime="20260223 00:45:37.950"/>
</branch>
<branch type="ELSE IF" condition="'${payment_method}' == 'credisiman visa'">
<kw name="Log To Console" library="BuiltIn">
<arg>Seleccionando pago con credisiman visa</arg>
<doc>Logs the given message to the console.</doc>
<status status="NOT RUN" starttime="20260223 00:45:37.950" endtime="20260223 00:45:37.950"/>
</kw>
<status status="NOT RUN" starttime="20260223 00:45:37.950" endtime="20260223 00:45:37.951"/>
</branch>
<branch type="ELSE IF" condition="'${payment_method}' == 'tarjeta credito debito'">
<kw name="Log To Console" library="BuiltIn">
<arg>Seleccionando pago con tarjeta credito debito</arg>
<doc>Logs the given message to the console.</doc>
<status status="NOT RUN" starttime="20260223 00:45:37.951" endtime="20260223 00:45:37.951"/>
</kw>
<status status="NOT RUN" starttime="20260223 00:45:37.951" endtime="20260223 00:45:37.951"/>
</branch>
<branch type="ELSE IF" condition="'${payment_method}' == 'transferencia_bancaria'">
<kw name="Wait Until Element Is Visible" library="SeleniumLibrary">
<arg>${PAYMENT_TRANS_BANK}</arg>
<arg>30s</arg>
<doc>Waits until the element ``locator`` is visible.</doc>
<msg timestamp="20260223 00:46:08.175" level="INFO" html="true">&lt;/td&gt;&lt;/tr&gt;&lt;tr&gt;&lt;td colspan="3"&gt;&lt;a href="selenium-screenshot-1.png"&gt;&lt;img src="selenium-screenshot-1.png" width="800px"&gt;&lt;/a&gt;</msg>
<msg timestamp="20260223 00:46:08.175" level="FAIL">Element 'id=payment-group-custom205PaymentGroupPaymentGroup' not visible after 30 seconds.</msg>
<status status="FAIL" starttime="20260223 00:45:37.951" endtime="20260223 00:46:08.176"/>
</kw>
<kw name="Wait Until Element Is Enabled" library="SeleniumLibrary">
<arg>${PAYMENT_TRANS_BANK}</arg>
<arg>30s</arg>
<doc>Waits until the element ``locator`` is enabled.</doc>
<status status="NOT RUN" starttime="20260223 00:46:08.177" endtime="20260223 00:46:08.177"/>
</kw>
<kw name="Click Element By Type" library="general_keywords">
<arg>${paymentgroupcustomPrivate3Locator}</arg>
<arg>button</arg>
<doc>Click especializado por tipo de elemento</doc>
<status status="NOT RUN" starttime="20260223 00:46:08.177" endtime="20260223 00:46:08.177"/>
</kw>
<kw name="Sleep" library="BuiltIn">
<arg>2s</arg>
<doc>Pauses the test executed for the given time.</doc>
<status status="NOT RUN" starttime="20260223 00:46:08.177" endtime="20260223 00:46:08.177"/>
</kw>
<kw name="Click Element By Type" library="general_keywords">
<arg>${PAYMENT_TRANS_BANK}</arg>
<arg>button</arg>
<doc>Click especializado por tipo de elemento</doc>
<status status="NOT RUN" starttime="20260223 00:46:08.177" endtime="20260223 00:46:08.177"/>
</kw>
<status status="FAIL" starttime="20260223 00:45:37.951" endtime="20260223 00:46:08.178"/>
</branch>
<status status="FAIL" starttime="20260223 00:45:37.946" endtime="20260223 00:46:08.178"/>
</if>
<status status="FAIL" starttime="20260223 00:45:37.946" endtime="20260223 00:46:08.178"/>
</kw>
<kw name="Finish Purchase" library="checkout_keywords">
<arg>no_verify</arg>
<doc>Finaliza la compra en el checkout</doc>
<status status="NOT RUN" starttime="20260223 00:46:08.178" endtime="20260223 00:46:08.178"/>
</kw>
<kw name="Run Keywords" library="BuiltIn" type="TEARDOWN">
<arg>Close Browser</arg>
<doc>Executes all the given keywords in a sequence.</doc>
<kw name="Close Browser" library="SeleniumLibrary">
<doc>Closes the current browser.</doc>
<status status="PASS" starttime="20260223 00:46:08.179" endtime="20260223 00:46:08.279"/>
</kw>
<status status="PASS" starttime="20260223 00:46:08.179" endtime="20260223 00:46:08.280"/>
</kw>
<tag>CSC-8202</tag>
<tag>delivery_siman</tag>
<status status="FAIL" starttime="20260223 00:44:48.545" endtime="20260223 00:46:08.280">Element 'id=payment-group-custom205PaymentGroupPaymentGroup' not visible after 30 seconds.</status>
</test>
<doc>Verifica flujos principales en Checkout.</doc>
<status status="FAIL" starttime="20260223 00:44:48.270" endtime="20260223 00:46:08.287"/>
</suite>
<status status="FAIL" starttime="20260223 00:44:48.258" endtime="20260223 00:46:08.311"/>
</suite>
<statistics>
<total>
<stat pass="0" fail="1" skip="0">All Tests</stat>
</total>
<tag>
<stat pass="0" fail="1" skip="0">CSC-8202</stat>
<stat pass="0" fail="1" skip="0">delivery_siman</stat>
</tag>
<suite>
<stat pass="0" fail="1" skip="0" id="s1" name="Siman Automation - sandbox">Siman Automation - sandbox</stat>
<stat pass="0" fail="1" skip="0" id="s1-s1" name="Flujos Checkout Guest User">Siman Automation - sandbox.Flujos Checkout Guest User</stat>
</suite>
</statistics>
<errors>
</errors>
</robot>
