<?xml version="1.0" encoding="UTF-8"?>
<testsuite name="Siman Automation - prod" tests="1" errors="0" failures="1" skipped="0" time="6.873" timestamp="2025-10-27T20:50:59.759825">
<testsuite name="Open Homepage" tests="1" errors="0" failures="1" skipped="0" time="6.838" timestamp="2025-10-27T20:50:59.793823">
<testcase classname="Siman Automation - prod.Open Homepage" name="Test Checkout Small" time="6.270">
<failure message="Teardown failed:&#10;Recursive execution stopped." type="AssertionError"/>
</testcase>
<properties>
<property name="Documentation" value="Verifica que la pÃ¡gina de inicio de Siman.com carga correctamente."/>
</properties>
</testsuite>
</testsuite>
