<?xml version="1.0" encoding="UTF-8"?>
<testsuite name="Siman Automation - prod" tests="1" errors="0" failures="0" skipped="0" time="8.045" timestamp="2025-10-27T21:23:30.841669">
<testsuite name="Open Checkout" tests="1" errors="0" failures="0" skipped="0" time="8.008" timestamp="2025-10-27T21:23:30.875846">
<testcase classname="Siman Automation - prod.Open Checkout" name="Test Checkout Small" time="7.502">
</testcase>
<properties>
<property name="Documentation" value="Verifica que la página de inicio de Siman.com carga correctamente."/>
</properties>
</testsuite>
</testsuite>
