<?xml version="1.0" encoding="UTF-8"?>
<testsuite name="Siman Automation - prod" tests="1" errors="0" failures="0" skipped="0" time="7.288" timestamp="2025-10-27T20:55:18.260122">
<testsuite name="Open Homepage" tests="1" errors="0" failures="0" skipped="0" time="7.253" timestamp="2025-10-27T20:55:18.293743">
<testcase classname="Siman Automation - prod.Open Homepage" name="Test Checkout Small" time="7.018">
</testcase>
<properties>
<property name="Documentation" value="Verifica que la página de inicio de Siman.com carga correctamente."/>
</properties>
</testsuite>
</testsuite>
