<?xml version="1.0" encoding="UTF-8"?>
<testsuite name="Siman Automation - prod" tests="1" errors="0" failures="0" skipped="0" time="9.242" timestamp="2025-10-27T21:10:44.041558">
<testsuite name="Open Homepage" tests="1" errors="0" failures="0" skipped="0" time="9.200" timestamp="2025-10-27T21:10:44.081857">
<testcase classname="Siman Automation - prod.Open Homepage" name="Test Checkout Small" time="8.954">
</testcase>
<properties>
<property name="Documentation" value="Verifica que la página de inicio de Siman.com carga correctamente."/>
</properties>
</testsuite>
</testsuite>
